2026/04/06 10:24:39 - mmengine - INFO - 
------------------------------------------------------------
System environment:
    sys.platform: linux
    Python: 3.8.15 (default, Nov 24 2022, 15:19:38) [GCC 11.2.0]
    CUDA available: True
    MUSA available: False
    numpy_random_seed: 304
    GPU 0: NVIDIA RTX A4000
    CUDA_HOME: /usr/local/cuda
    NVCC: Cuda compilation tools, release 11.0, V11.0.194
    GCC: gcc (Ubuntu 9.4.0-1ubuntu1~20.04.2) 9.4.0
    PyTorch: 2.2.1+cu118
    PyTorch compiling details: PyTorch built with:
  - GCC 9.3
  - C++ Version: 201703
  - Intel(R) oneAPI Math Kernel Library Version 2022.2-Product Build 20220804 for Intel(R) 64 architecture applications
  - Intel(R) MKL-DNN v3.3.2 (Git Hash 2dc95a2ad0841e29db8b22fbccaf3e5da7992b01)
  - OpenMP 201511 (a.k.a. OpenMP 4.5)
  - LAPACK is enabled (usually provided by MKL)
  - NNPACK is enabled
  - CPU capability usage: AVX512
  - CUDA Runtime 11.8
  - NVCC architecture flags: -gencode;arch=compute_50,code=sm_50;-gencode;arch=compute_60,code=sm_60;-gencode;arch=compute_70,code=sm_70;-gencode;arch=compute_75,code=sm_75;-gencode;arch=compute_80,code=sm_80;-gencode;arch=compute_86,code=sm_86;-gencode;arch=compute_37,code=sm_37;-gencode;arch=compute_90,code=sm_90
  - CuDNN 8.7
  - Magma 2.6.1
  - Build settings: BLAS_INFO=mkl, BUILD_TYPE=Release, CUDA_VERSION=11.8, CUDNN_VERSION=8.7.0, CXX_COMPILER=/opt/rh/devtoolset-9/root/usr/bin/c++, CXX_FLAGS= -D_GLIBCXX_USE_CXX11_ABI=0 -fabi-version=11 -fvisibility-inlines-hidden -DUSE_PTHREADPOOL -DNDEBUG -DUSE_KINETO -DLIBKINETO_NOROCTRACER -DUSE_FBGEMM -DUSE_QNNPACK -DUSE_PYTORCH_QNNPACK -DUSE_XNNPACK -DSYMBOLICATE_MOBILE_DEBUG_HANDLE -O2 -fPIC -Wall -Wextra -Werror=return-type -Werror=non-virtual-dtor -Werror=bool-operation -Wnarrowing -Wno-missing-field-initializers -Wno-type-limits -Wno-array-bounds -Wno-unknown-pragmas -Wno-unused-parameter -Wno-unused-function -Wno-unused-result -Wno-strict-overflow -Wno-strict-aliasing -Wno-stringop-overflow -Wsuggest-override -Wno-psabi -Wno-error=pedantic -Wno-error=old-style-cast -Wno-missing-braces -fdiagnostics-color=always -faligned-new -Wno-unused-but-set-variable -Wno-maybe-uninitialized -fno-math-errno -fno-trapping-math -Werror=format -Wno-stringop-overflow, LAPACK_INFO=mkl, PERF_WITH_AVX=1, PERF_WITH_AVX2=1, PERF_WITH_AVX512=1, TORCH_VERSION=2.2.1, USE_CUDA=ON, USE_CUDNN=ON, USE_EXCEPTION_PTR=1, USE_GFLAGS=OFF, USE_GLOG=OFF, USE_MKL=ON, USE_MKLDNN=ON, USE_MPI=OFF, USE_NCCL=1, USE_NNPACK=ON, USE_OPENMP=ON, USE_ROCM=OFF, USE_ROCM_KERNEL_ASSERT=OFF, 

    TorchVision: 0.17.1+cu118
    OpenCV: 4.13.0
    MMEngine: 0.10.7

Runtime environment:
    cudnn_benchmark: True
    mp_cfg: {'mp_start_method': 'fork', 'opencv_num_threads': 0}
    dist_cfg: {'backend': 'nccl'}
    seed: 304
    Distributed launcher: none
    Distributed training: False
    GPU number: 1
------------------------------------------------------------

2026/04/06 10:24:40 - mmengine - INFO - Config:
checkpoint_file = 'https://download.openmmlab.com/mmsegmentation/v0.5/pretrain/pidnet/pidnet-s_imagenet1k_20230306-715e6273.pth'
class_weight = [
    0.8373,
    0.918,
    0.866,
    1.0345,
    1.0166,
    0.9969,
    0.9754,
    1.0489,
    0.8786,
    1.0023,
    0.9539,
    0.9843,
    1.1116,
    0.9037,
    1.0865,
    1.0955,
    1.0865,
    1.1529,
    1.0507,
]
crop_size = (
    1024,
    1024,
)
data_preprocessor = dict(
    bgr_to_rgb=True,
    mean=[
        123.675,
        116.28,
        103.53,
    ],
    pad_val=0,
    seg_pad_val=255,
    size=(
        1024,
        1024,
    ),
    std=[
        58.395,
        57.12,
        57.375,
    ],
    type='SegDataPreProcessor')
data_root = 'data/cityscapes/'
dataset_type = 'CityscapesDataset'
default_hooks = dict(
    checkpoint=dict(by_epoch=False, interval=12000, type='CheckpointHook'),
    logger=dict(interval=50, log_metric_by_epoch=False, type='LoggerHook'),
    param_scheduler=dict(type='ParamSchedulerHook'),
    sampler_seed=dict(type='DistSamplerSeedHook'),
    timer=dict(type='IterTimerHook'),
    visualization=dict(type='SegVisualizationHook'))
default_scope = 'mmseg'
env_cfg = dict(
    cudnn_benchmark=True,
    dist_cfg=dict(backend='nccl'),
    mp_cfg=dict(mp_start_method='fork', opencv_num_threads=0))
img_ratios = [
    0.5,
    0.75,
    1.0,
    1.25,
    1.5,
    1.75,
]
iters = 120000
launcher = 'none'
load_from = None
log_level = 'INFO'
log_processor = dict(by_epoch=False)
model = dict(
    backbone=dict(
        act_cfg=dict(inplace=True, type='ReLU'),
        align_corners=False,
        channels=32,
        in_channels=3,
        init_cfg=dict(
            checkpoint=
            'https://download.openmmlab.com/mmsegmentation/v0.5/pretrain/pidnet/pidnet-s_imagenet1k_20230306-715e6273.pth',
            type='Pretrained'),
        norm_cfg=dict(requires_grad=True, type='SyncBN'),
        num_branch_blocks=3,
        num_stem_blocks=2,
        ppm_channels=96,
        type='PIDNet'),
    data_preprocessor=dict(
        bgr_to_rgb=True,
        mean=[
            123.675,
            116.28,
            103.53,
        ],
        pad_val=0,
        seg_pad_val=255,
        size=(
            1024,
            1024,
        ),
        std=[
            58.395,
            57.12,
            57.375,
        ],
        type='SegDataPreProcessor'),
    decode_head=dict(
        act_cfg=dict(inplace=True, type='ReLU'),
        align_corners=True,
        channels=128,
        in_channels=128,
        loss_decode=[
            dict(loss_weight=0.4, type='CrossEntropyLoss', use_sigmoid=False),
            dict(
                class_weight=[
                    0.8373,
                    0.918,
                    0.866,
                    1.0345,
                    1.0166,
                    0.9969,
                    0.9754,
                    1.0489,
                    0.8786,
                    1.0023,
                    0.9539,
                    0.9843,
                    1.1116,
                    0.9037,
                    1.0865,
                    1.0955,
                    1.0865,
                    1.1529,
                    1.0507,
                ],
                loss_weight=1.0,
                min_kept=131072,
                thres=0.9,
                type='OhemCrossEntropy'),
            dict(loss_weight=20.0, type='BoundaryLoss'),
            dict(
                class_weight=[
                    0.8373,
                    0.918,
                    0.866,
                    1.0345,
                    1.0166,
                    0.9969,
                    0.9754,
                    1.0489,
                    0.8786,
                    1.0023,
                    0.9539,
                    0.9843,
                    1.1116,
                    0.9037,
                    1.0865,
                    1.0955,
                    1.0865,
                    1.1529,
                    1.0507,
                ],
                loss_weight=1.0,
                min_kept=131072,
                thres=0.9,
                type='OhemCrossEntropy'),
        ],
        norm_cfg=dict(requires_grad=True, type='SyncBN'),
        num_classes=19,
        type='PIDHead'),
    test_cfg=dict(mode='whole'),
    train_cfg=dict(),
    type='EncoderDecoder')
norm_cfg = dict(requires_grad=True, type='SyncBN')
optim_wrapper = dict(
    accumulative_counts=2,
    clip_grad=None,
    optimizer=dict(lr=0.01, momentum=0.9, type='SGD', weight_decay=0.0005),
    type='OptimWrapper')
optimizer = dict(lr=0.01, momentum=0.9, type='SGD', weight_decay=0.0005)
param_scheduler = [
    dict(
        begin=0,
        by_epoch=False,
        end=120000,
        eta_min=0,
        power=0.9,
        type='PolyLR'),
]
randomness = dict(seed=304)
resume = False
test_cfg = dict(type='TestLoop')
test_dataloader = dict(
    batch_size=1,
    dataset=dict(
        data_prefix=dict(
            img_path='leftImg8bit/val', seg_map_path='gtFine/val'),
        data_root='data/cityscapes/',
        pipeline=[
            dict(type='LoadImageFromFile'),
            dict(keep_ratio=True, scale=(
                2048,
                1024,
            ), type='Resize'),
            dict(pad_val=0, size_divisor=32, type='Pad'),
            dict(type='LoadAnnotations'),
            dict(type='PackSegInputs'),
        ],
        type='CityscapesDataset'),
    num_workers=4,
    persistent_workers=True,
    sampler=dict(shuffle=False, type='DefaultSampler'))
test_evaluator = dict(
    iou_metrics=[
        'mIoU',
    ], type='IoUMetric')
test_pipeline = [
    dict(type='LoadImageFromFile'),
    dict(keep_ratio=True, scale=(
        2048,
        1024,
    ), type='Resize'),
    dict(pad_val=0, size_divisor=32, type='Pad'),
    dict(type='LoadAnnotations'),
    dict(type='PackSegInputs'),
]
train_cfg = dict(
    max_iters=120000, type='IterBasedTrainLoop', val_interval=12000)
train_dataloader = dict(
    batch_size=6,
    dataset=dict(
        data_prefix=dict(
            img_path='leftImg8bit/train', seg_map_path='gtFine/train'),
        data_root='data/cityscapes/',
        pipeline=[
            dict(type='LoadImageFromFile'),
            dict(type='LoadAnnotations'),
            dict(
                keep_ratio=True,
                ratio_range=(
                    0.5,
                    2.0,
                ),
                scale=(
                    2048,
                    1024,
                ),
                type='RandomResize'),
            dict(
                cat_max_ratio=0.75,
                crop_size=(
                    1024,
                    1024,
                ),
                type='RandomCrop'),
            dict(prob=0.5, type='RandomFlip'),
            dict(type='PhotoMetricDistortion'),
            dict(edge_width=4, type='GenerateEdge'),
            dict(type='PackSegInputs'),
        ],
        type='CityscapesDataset'),
    num_workers=2,
    persistent_workers=True,
    sampler=dict(shuffle=True, type='InfiniteSampler'))
train_pipeline = [
    dict(type='LoadImageFromFile'),
    dict(type='LoadAnnotations'),
    dict(
        keep_ratio=True,
        ratio_range=(
            0.5,
            2.0,
        ),
        scale=(
            2048,
            1024,
        ),
        type='RandomResize'),
    dict(cat_max_ratio=0.75, crop_size=(
        1024,
        1024,
    ), type='RandomCrop'),
    dict(prob=0.5, type='RandomFlip'),
    dict(type='PhotoMetricDistortion'),
    dict(edge_width=4, type='GenerateEdge'),
    dict(type='PackSegInputs'),
]
tta_model = dict(type='SegTTAModel')
tta_pipeline = [
    dict(backend_args=None, type='LoadImageFromFile'),
    dict(
        transforms=[
            [
                dict(keep_ratio=True, scale_factor=0.5, type='Resize'),
                dict(keep_ratio=True, scale_factor=0.75, type='Resize'),
                dict(keep_ratio=True, scale_factor=1.0, type='Resize'),
                dict(keep_ratio=True, scale_factor=1.25, type='Resize'),
                dict(keep_ratio=True, scale_factor=1.5, type='Resize'),
                dict(keep_ratio=True, scale_factor=1.75, type='Resize'),
            ],
            [
                dict(direction='horizontal', prob=0.0, type='RandomFlip'),
                dict(direction='horizontal', prob=1.0, type='RandomFlip'),
            ],
            [
                dict(type='LoadAnnotations'),
            ],
            [
                dict(type='PackSegInputs'),
            ],
        ],
        type='TestTimeAug'),
]
val_cfg = dict(type='ValLoop')
val_dataloader = dict(
    batch_size=1,
    dataset=dict(
        data_prefix=dict(
            img_path='leftImg8bit/val', seg_map_path='gtFine/val'),
        data_root='data/cityscapes/',
        pipeline=[
            dict(type='LoadImageFromFile'),
            dict(keep_ratio=True, scale=(
                2048,
                1024,
            ), type='Resize'),
            dict(pad_val=0, size_divisor=32, type='Pad'),
            dict(type='LoadAnnotations'),
            dict(type='PackSegInputs'),
        ],
        type='CityscapesDataset'),
    num_workers=4,
    persistent_workers=True,
    sampler=dict(shuffle=False, type='DefaultSampler'))
val_evaluator = dict(
    iou_metrics=[
        'mIoU',
    ], type='IoUMetric')
vis_backends = [
    dict(type='LocalVisBackend'),
]
visualizer = dict(
    name='visualizer',
    type='SegLocalVisualizer',
    vis_backends=[
        dict(type='LocalVisBackend'),
    ])
work_dir = './work_dirs/halo-12-pidnet-s_1xb6-120k_1024x1024-cityscapes-accumulative2'

2026/04/06 10:24:43 - mmengine - INFO - Distributed training is not used, all SyncBatchNorm (SyncBN) layers in the model will be automatically reverted to BatchNormXd layers if they are used.
2026/04/06 10:24:43 - mmengine - INFO - Hooks will be executed in the following order:
before_run:
(VERY_HIGH   ) RuntimeInfoHook                    
(BELOW_NORMAL) LoggerHook                         
 -------------------- 
before_train:
(VERY_HIGH   ) RuntimeInfoHook                    
(NORMAL      ) IterTimerHook                      
(VERY_LOW    ) CheckpointHook                     
 -------------------- 
before_train_epoch:
(VERY_HIGH   ) RuntimeInfoHook                    
(NORMAL      ) IterTimerHook                      
(NORMAL      ) DistSamplerSeedHook                
 -------------------- 
before_train_iter:
(VERY_HIGH   ) RuntimeInfoHook                    
(NORMAL      ) IterTimerHook                      
 -------------------- 
after_train_iter:
(VERY_HIGH   ) RuntimeInfoHook                    
(NORMAL      ) IterTimerHook                      
(BELOW_NORMAL) LoggerHook                         
(LOW         ) ParamSchedulerHook                 
(VERY_LOW    ) CheckpointHook                     
 -------------------- 
after_train_epoch:
(NORMAL      ) IterTimerHook                      
(LOW         ) ParamSchedulerHook                 
(VERY_LOW    ) CheckpointHook                     
 -------------------- 
before_val:
(VERY_HIGH   ) RuntimeInfoHook                    
 -------------------- 
before_val_epoch:
(NORMAL      ) IterTimerHook                      
 -------------------- 
before_val_iter:
(NORMAL      ) IterTimerHook                      
 -------------------- 
after_val_iter:
(NORMAL      ) IterTimerHook                      
(NORMAL      ) SegVisualizationHook               
(BELOW_NORMAL) LoggerHook                         
 -------------------- 
after_val_epoch:
(VERY_HIGH   ) RuntimeInfoHook                    
(NORMAL      ) IterTimerHook                      
(BELOW_NORMAL) LoggerHook                         
(LOW         ) ParamSchedulerHook                 
(VERY_LOW    ) CheckpointHook                     
 -------------------- 
after_val:
(VERY_HIGH   ) RuntimeInfoHook                    
 -------------------- 
after_train:
(VERY_HIGH   ) RuntimeInfoHook                    
(VERY_LOW    ) CheckpointHook                     
 -------------------- 
before_test:
(VERY_HIGH   ) RuntimeInfoHook                    
 -------------------- 
before_test_epoch:
(NORMAL      ) IterTimerHook                      
 -------------------- 
before_test_iter:
(NORMAL      ) IterTimerHook                      
 -------------------- 
after_test_iter:
(NORMAL      ) IterTimerHook                      
(NORMAL      ) SegVisualizationHook               
(BELOW_NORMAL) LoggerHook                         
 -------------------- 
after_test_epoch:
(VERY_HIGH   ) RuntimeInfoHook                    
(NORMAL      ) IterTimerHook                      
(BELOW_NORMAL) LoggerHook                         
 -------------------- 
after_test:
(VERY_HIGH   ) RuntimeInfoHook                    
 -------------------- 
after_run:
(BELOW_NORMAL) LoggerHook                         
 -------------------- 
2026/04/06 10:24:44 - mmengine - WARNING - The prefix is not set in metric class IoUMetric.
2026/04/06 10:24:45 - mmengine - INFO - Loads checkpoint by http backend from path: https://download.openmmlab.com/mmsegmentation/v0.5/pretrain/pidnet/pidnet-s_imagenet1k_20230306-715e6273.pth
Name of parameter - Initialization information

backbone.stem.0.conv.weight - torch.Size([32, 3, 3, 3]): 
Initialized by user-defined `init_weights` in PIDNet  

backbone.stem.0.bn.weight - torch.Size([32]): 
Initialized by user-defined `init_weights` in PIDNet  

backbone.stem.0.bn.bias - torch.Size([32]): 
Initialized by user-defined `init_weights` in PIDNet  

backbone.stem.1.conv.weight - torch.Size([32, 32, 3, 3]): 
Initialized by user-defined `init_weights` in PIDNet  

backbone.stem.1.bn.weight - torch.Size([32]): 
Initialized by user-defined `init_weights` in PIDNet  

backbone.stem.1.bn.bias - torch.Size([32]): 
Initialized by user-defined `init_weights` in PIDNet  

backbone.stem.2.0.conv1.conv.weight - torch.Size([32, 32, 3, 3]): 
Initialized by user-defined `init_weights` in PIDNet  

backbone.stem.2.0.conv1.bn.weight - torch.Size([32]): 
Initialized by user-defined `init_weights` in PIDNet  

backbone.stem.2.0.conv1.bn.bias - torch.Size([32]): 
Initialized by user-defined `init_weights` in PIDNet  

backbone.stem.2.0.conv2.conv.weight - torch.Size([32, 32, 3, 3]): 
Initialized by user-defined `init_weights` in PIDNet  

backbone.stem.2.0.conv2.bn.weight - torch.Size([32]): 
Initialized by user-defined `init_weights` in PIDNet  

backbone.stem.2.0.conv2.bn.bias - torch.Size([32]): 
Initialized by user-defined `init_weights` in PIDNet  

backbone.stem.2.1.conv1.conv.weight - torch.Size([32, 32, 3, 3]): 
Initialized by user-defined `init_weights` in PIDNet  

backbone.stem.2.1.conv1.bn.weight - torch.Size([32]): 
Initialized by user-defined `init_weights` in PIDNet  

backbone.stem.2.1.conv1.bn.bias - torch.Size([32]): 
Initialized by user-defined `init_weights` in PIDNet  

backbone.stem.2.1.conv2.conv.weight - torch.Size([32, 32, 3, 3]): 
Initialized by user-defined `init_weights` in PIDNet  

backbone.stem.2.1.conv2.bn.weight - torch.Size([32]): 
Initialized by user-defined `init_weights` in PIDNet  

backbone.stem.2.1.conv2.bn.bias - torch.Size([32]): 
Initialized by user-defined `init_weights` in PIDNet  

backbone.stem.4.0.conv1.conv.weight - torch.Size([64, 32, 3, 3]): 
Initialized by user-defined `init_weights` in PIDNet  

backbone.stem.4.0.conv1.bn.weight - torch.Size([64]): 
Initialized by user-defined `init_weights` in PIDNet  

backbone.stem.4.0.conv1.bn.bias - torch.Size([64]): 
Initialized by user-defined `init_weights` in PIDNet  

backbone.stem.4.0.conv2.conv.weight - torch.Size([64, 64, 3, 3]): 
Initialized by user-defined `init_weights` in PIDNet  

backbone.stem.4.0.conv2.bn.weight - torch.Size([64]): 
Initialized by user-defined `init_weights` in PIDNet  

backbone.stem.4.0.conv2.bn.bias - torch.Size([64]): 
Initialized by user-defined `init_weights` in PIDNet  

backbone.stem.4.0.downsample.conv.weight - torch.Size([64, 32, 1, 1]): 
Initialized by user-defined `init_weights` in PIDNet  

backbone.stem.4.0.downsample.bn.weight - torch.Size([64]): 
Initialized by user-defined `init_weights` in PIDNet  

backbone.stem.4.0.downsample.bn.bias - torch.Size([64]): 
Initialized by user-defined `init_weights` in PIDNet  

backbone.stem.4.1.conv1.conv.weight - torch.Size([64, 64, 3, 3]): 
Initialized by user-defined `init_weights` in PIDNet  

backbone.stem.4.1.conv1.bn.weight - torch.Size([64]): 
Initialized by user-defined `init_weights` in PIDNet  

backbone.stem.4.1.conv1.bn.bias - torch.Size([64]): 
Initialized by user-defined `init_weights` in PIDNet  

backbone.stem.4.1.conv2.conv.weight - torch.Size([64, 64, 3, 3]): 
Initialized by user-defined `init_weights` in PIDNet  

backbone.stem.4.1.conv2.bn.weight - torch.Size([64]): 
Initialized by user-defined `init_weights` in PIDNet  

backbone.stem.4.1.conv2.bn.bias - torch.Size([64]): 
Initialized by user-defined `init_weights` in PIDNet  

backbone.i_branch_layers.0.0.conv1.conv.weight - torch.Size([128, 64, 3, 3]): 
Initialized by user-defined `init_weights` in PIDNet  

backbone.i_branch_layers.0.0.conv1.bn.weight - torch.Size([128]): 
Initialized by user-defined `init_weights` in PIDNet  

backbone.i_branch_layers.0.0.conv1.bn.bias - torch.Size([128]): 
Initialized by user-defined `init_weights` in PIDNet  

backbone.i_branch_layers.0.0.conv2.conv.weight - torch.Size([128, 128, 3, 3]): 
Initialized by user-defined `init_weights` in PIDNet  

backbone.i_branch_layers.0.0.conv2.bn.weight - torch.Size([128]): 
Initialized by user-defined `init_weights` in PIDNet  

backbone.i_branch_layers.0.0.conv2.bn.bias - torch.Size([128]): 
Initialized by user-defined `init_weights` in PIDNet  

backbone.i_branch_layers.0.0.downsample.conv.weight - torch.Size([128, 64, 1, 1]): 
Initialized by user-defined `init_weights` in PIDNet  

backbone.i_branch_layers.0.0.downsample.bn.weight - torch.Size([128]): 
Initialized by user-defined `init_weights` in PIDNet  

backbone.i_branch_layers.0.0.downsample.bn.bias - torch.Size([128]): 
Initialized by user-defined `init_weights` in PIDNet  

backbone.i_branch_layers.0.1.conv1.conv.weight - torch.Size([128, 128, 3, 3]): 
Initialized by user-defined `init_weights` in PIDNet  

backbone.i_branch_layers.0.1.conv1.bn.weight - torch.Size([128]): 
Initialized by user-defined `init_weights` in PIDNet  

backbone.i_branch_layers.0.1.conv1.bn.bias - torch.Size([128]): 
Initialized by user-defined `init_weights` in PIDNet  

backbone.i_branch_layers.0.1.conv2.conv.weight - torch.Size([128, 128, 3, 3]): 
Initialized by user-defined `init_weights` in PIDNet  

backbone.i_branch_layers.0.1.conv2.bn.weight - torch.Size([128]): 
Initialized by user-defined `init_weights` in PIDNet  

backbone.i_branch_layers.0.1.conv2.bn.bias - torch.Size([128]): 
Initialized by user-defined `init_weights` in PIDNet  

backbone.i_branch_layers.0.2.conv1.conv.weight - torch.Size([128, 128, 3, 3]): 
Initialized by user-defined `init_weights` in PIDNet  

backbone.i_branch_layers.0.2.conv1.bn.weight - torch.Size([128]): 
Initialized by user-defined `init_weights` in PIDNet  

backbone.i_branch_layers.0.2.conv1.bn.bias - torch.Size([128]): 
Initialized by user-defined `init_weights` in PIDNet  

backbone.i_branch_layers.0.2.conv2.conv.weight - torch.Size([128, 128, 3, 3]): 
Initialized by user-defined `init_weights` in PIDNet  

backbone.i_branch_layers.0.2.conv2.bn.weight - torch.Size([128]): 
Initialized by user-defined `init_weights` in PIDNet  

backbone.i_branch_layers.0.2.conv2.bn.bias - torch.Size([128]): 
Initialized by user-defined `init_weights` in PIDNet  

backbone.i_branch_layers.1.0.conv1.conv.weight - torch.Size([256, 128, 3, 3]): 
Initialized by user-defined `init_weights` in PIDNet  

backbone.i_branch_layers.1.0.conv1.bn.weight - torch.Size([256]): 
Initialized by user-defined `init_weights` in PIDNet  

backbone.i_branch_layers.1.0.conv1.bn.bias - torch.Size([256]): 
Initialized by user-defined `init_weights` in PIDNet  

backbone.i_branch_layers.1.0.conv2.conv.weight - torch.Size([256, 256, 3, 3]): 
Initialized by user-defined `init_weights` in PIDNet  

backbone.i_branch_layers.1.0.conv2.bn.weight - torch.Size([256]): 
Initialized by user-defined `init_weights` in PIDNet  

backbone.i_branch_layers.1.0.conv2.bn.bias - torch.Size([256]): 
Initialized by user-defined `init_weights` in PIDNet  

backbone.i_branch_layers.1.0.downsample.conv.weight - torch.Size([256, 128, 1, 1]): 
Initialized by user-defined `init_weights` in PIDNet  

backbone.i_branch_layers.1.0.downsample.bn.weight - torch.Size([256]): 
Initialized by user-defined `init_weights` in PIDNet  

backbone.i_branch_layers.1.0.downsample.bn.bias - torch.Size([256]): 
Initialized by user-defined `init_weights` in PIDNet  

backbone.i_branch_layers.1.1.conv1.conv.weight - torch.Size([256, 256, 3, 3]): 
Initialized by user-defined `init_weights` in PIDNet  

backbone.i_branch_layers.1.1.conv1.bn.weight - torch.Size([256]): 
Initialized by user-defined `init_weights` in PIDNet  

backbone.i_branch_layers.1.1.conv1.bn.bias - torch.Size([256]): 
Initialized by user-defined `init_weights` in PIDNet  

backbone.i_branch_layers.1.1.conv2.conv.weight - torch.Size([256, 256, 3, 3]): 
Initialized by user-defined `init_weights` in PIDNet  

backbone.i_branch_layers.1.1.conv2.bn.weight - torch.Size([256]): 
Initialized by user-defined `init_weights` in PIDNet  

backbone.i_branch_layers.1.1.conv2.bn.bias - torch.Size([256]): 
Initialized by user-defined `init_weights` in PIDNet  

backbone.i_branch_layers.1.2.conv1.conv.weight - torch.Size([256, 256, 3, 3]): 
Initialized by user-defined `init_weights` in PIDNet  

backbone.i_branch_layers.1.2.conv1.bn.weight - torch.Size([256]): 
Initialized by user-defined `init_weights` in PIDNet  

backbone.i_branch_layers.1.2.conv1.bn.bias - torch.Size([256]): 
Initialized by user-defined `init_weights` in PIDNet  

backbone.i_branch_layers.1.2.conv2.conv.weight - torch.Size([256, 256, 3, 3]): 
Initialized by user-defined `init_weights` in PIDNet  

backbone.i_branch_layers.1.2.conv2.bn.weight - torch.Size([256]): 
Initialized by user-defined `init_weights` in PIDNet  

backbone.i_branch_layers.1.2.conv2.bn.bias - torch.Size([256]): 
Initialized by user-defined `init_weights` in PIDNet  

backbone.i_branch_layers.2.0.conv1.conv.weight - torch.Size([256, 256, 1, 1]): 
Initialized by user-defined `init_weights` in PIDNet  

backbone.i_branch_layers.2.0.conv1.bn.weight - torch.Size([256]): 
Initialized by user-defined `init_weights` in PIDNet  

backbone.i_branch_layers.2.0.conv1.bn.bias - torch.Size([256]): 
Initialized by user-defined `init_weights` in PIDNet  

backbone.i_branch_layers.2.0.conv2.conv.weight - torch.Size([256, 256, 3, 3]): 
Initialized by user-defined `init_weights` in PIDNet  

backbone.i_branch_layers.2.0.conv2.bn.weight - torch.Size([256]): 
Initialized by user-defined `init_weights` in PIDNet  

backbone.i_branch_layers.2.0.conv2.bn.bias - torch.Size([256]): 
Initialized by user-defined `init_weights` in PIDNet  

backbone.i_branch_layers.2.0.conv3.conv.weight - torch.Size([512, 256, 1, 1]): 
Initialized by user-defined `init_weights` in PIDNet  

backbone.i_branch_layers.2.0.conv3.bn.weight - torch.Size([512]): 
Initialized by user-defined `init_weights` in PIDNet  

backbone.i_branch_layers.2.0.conv3.bn.bias - torch.Size([512]): 
Initialized by user-defined `init_weights` in PIDNet  

backbone.i_branch_layers.2.0.downsample.conv.weight - torch.Size([512, 256, 1, 1]): 
Initialized by user-defined `init_weights` in PIDNet  

backbone.i_branch_layers.2.0.downsample.bn.weight - torch.Size([512]): 
Initialized by user-defined `init_weights` in PIDNet  

backbone.i_branch_layers.2.0.downsample.bn.bias - torch.Size([512]): 
Initialized by user-defined `init_weights` in PIDNet  

backbone.i_branch_layers.2.1.conv1.conv.weight - torch.Size([256, 512, 1, 1]): 
Initialized by user-defined `init_weights` in PIDNet  

backbone.i_branch_layers.2.1.conv1.bn.weight - torch.Size([256]): 
Initialized by user-defined `init_weights` in PIDNet  

backbone.i_branch_layers.2.1.conv1.bn.bias - torch.Size([256]): 
Initialized by user-defined `init_weights` in PIDNet  

backbone.i_branch_layers.2.1.conv2.conv.weight - torch.Size([256, 256, 3, 3]): 
Initialized by user-defined `init_weights` in PIDNet  

backbone.i_branch_layers.2.1.conv2.bn.weight - torch.Size([256]): 
Initialized by user-defined `init_weights` in PIDNet  

backbone.i_branch_layers.2.1.conv2.bn.bias - torch.Size([256]): 
Initialized by user-defined `init_weights` in PIDNet  

backbone.i_branch_layers.2.1.conv3.conv.weight - torch.Size([512, 256, 1, 1]): 
Initialized by user-defined `init_weights` in PIDNet  

backbone.i_branch_layers.2.1.conv3.bn.weight - torch.Size([512]): 
Initialized by user-defined `init_weights` in PIDNet  

backbone.i_branch_layers.2.1.conv3.bn.bias - torch.Size([512]): 
Initialized by user-defined `init_weights` in PIDNet  

backbone.p_branch_layers.0.0.conv1.conv.weight - torch.Size([64, 64, 3, 3]): 
Initialized by user-defined `init_weights` in PIDNet  

backbone.p_branch_layers.0.0.conv1.bn.weight - torch.Size([64]): 
Initialized by user-defined `init_weights` in PIDNet  

backbone.p_branch_layers.0.0.conv1.bn.bias - torch.Size([64]): 
Initialized by user-defined `init_weights` in PIDNet  

backbone.p_branch_layers.0.0.conv2.conv.weight - torch.Size([64, 64, 3, 3]): 
Initialized by user-defined `init_weights` in PIDNet  

backbone.p_branch_layers.0.0.conv2.bn.weight - torch.Size([64]): 
Initialized by user-defined `init_weights` in PIDNet  

backbone.p_branch_layers.0.0.conv2.bn.bias - torch.Size([64]): 
Initialized by user-defined `init_weights` in PIDNet  

backbone.p_branch_layers.0.1.conv1.conv.weight - torch.Size([64, 64, 3, 3]): 
Initialized by user-defined `init_weights` in PIDNet  

backbone.p_branch_layers.0.1.conv1.bn.weight - torch.Size([64]): 
Initialized by user-defined `init_weights` in PIDNet  

backbone.p_branch_layers.0.1.conv1.bn.bias - torch.Size([64]): 
Initialized by user-defined `init_weights` in PIDNet  

backbone.p_branch_layers.0.1.conv2.conv.weight - torch.Size([64, 64, 3, 3]): 
Initialized by user-defined `init_weights` in PIDNet  

backbone.p_branch_layers.0.1.conv2.bn.weight - torch.Size([64]): 
Initialized by user-defined `init_weights` in PIDNet  

backbone.p_branch_layers.0.1.conv2.bn.bias - torch.Size([64]): 
Initialized by user-defined `init_weights` in PIDNet  

backbone.p_branch_layers.1.0.conv1.conv.weight - torch.Size([64, 64, 3, 3]): 
Initialized by user-defined `init_weights` in PIDNet  

backbone.p_branch_layers.1.0.conv1.bn.weight - torch.Size([64]): 
Initialized by user-defined `init_weights` in PIDNet  

backbone.p_branch_layers.1.0.conv1.bn.bias - torch.Size([64]): 
Initialized by user-defined `init_weights` in PIDNet  

backbone.p_branch_layers.1.0.conv2.conv.weight - torch.Size([64, 64, 3, 3]): 
Initialized by user-defined `init_weights` in PIDNet  

backbone.p_branch_layers.1.0.conv2.bn.weight - torch.Size([64]): 
Initialized by user-defined `init_weights` in PIDNet  

backbone.p_branch_layers.1.0.conv2.bn.bias - torch.Size([64]): 
Initialized by user-defined `init_weights` in PIDNet  

backbone.p_branch_layers.1.1.conv1.conv.weight - torch.Size([64, 64, 3, 3]): 
Initialized by user-defined `init_weights` in PIDNet  

backbone.p_branch_layers.1.1.conv1.bn.weight - torch.Size([64]): 
Initialized by user-defined `init_weights` in PIDNet  

backbone.p_branch_layers.1.1.conv1.bn.bias - torch.Size([64]): 
Initialized by user-defined `init_weights` in PIDNet  

backbone.p_branch_layers.1.1.conv2.conv.weight - torch.Size([64, 64, 3, 3]): 
Initialized by user-defined `init_weights` in PIDNet  

backbone.p_branch_layers.1.1.conv2.bn.weight - torch.Size([64]): 
Initialized by user-defined `init_weights` in PIDNet  

backbone.p_branch_layers.1.1.conv2.bn.bias - torch.Size([64]): 
Initialized by user-defined `init_weights` in PIDNet  

backbone.p_branch_layers.2.0.conv1.conv.weight - torch.Size([64, 64, 1, 1]): 
Initialized by user-defined `init_weights` in PIDNet  

backbone.p_branch_layers.2.0.conv1.bn.weight - torch.Size([64]): 
Initialized by user-defined `init_weights` in PIDNet  

backbone.p_branch_layers.2.0.conv1.bn.bias - torch.Size([64]): 
Initialized by user-defined `init_weights` in PIDNet  

backbone.p_branch_layers.2.0.conv2.conv.weight - torch.Size([64, 64, 3, 3]): 
Initialized by user-defined `init_weights` in PIDNet  

backbone.p_branch_layers.2.0.conv2.bn.weight - torch.Size([64]): 
Initialized by user-defined `init_weights` in PIDNet  

backbone.p_branch_layers.2.0.conv2.bn.bias - torch.Size([64]): 
Initialized by user-defined `init_weights` in PIDNet  

backbone.p_branch_layers.2.0.conv3.conv.weight - torch.Size([128, 64, 1, 1]): 
Initialized by user-defined `init_weights` in PIDNet  

backbone.p_branch_layers.2.0.conv3.bn.weight - torch.Size([128]): 
Initialized by user-defined `init_weights` in PIDNet  

backbone.p_branch_layers.2.0.conv3.bn.bias - torch.Size([128]): 
Initialized by user-defined `init_weights` in PIDNet  

backbone.p_branch_layers.2.0.downsample.conv.weight - torch.Size([128, 64, 1, 1]): 
Initialized by user-defined `init_weights` in PIDNet  

backbone.p_branch_layers.2.0.downsample.bn.weight - torch.Size([128]): 
Initialized by user-defined `init_weights` in PIDNet  

backbone.p_branch_layers.2.0.downsample.bn.bias - torch.Size([128]): 
Initialized by user-defined `init_weights` in PIDNet  

backbone.compression_1.conv.weight - torch.Size([64, 128, 1, 1]): 
Initialized by user-defined `init_weights` in PIDNet  

backbone.compression_1.bn.weight - torch.Size([64]): 
Initialized by user-defined `init_weights` in PIDNet  

backbone.compression_1.bn.bias - torch.Size([64]): 
Initialized by user-defined `init_weights` in PIDNet  

backbone.compression_2.conv.weight - torch.Size([64, 256, 1, 1]): 
Initialized by user-defined `init_weights` in PIDNet  

backbone.compression_2.bn.weight - torch.Size([64]): 
Initialized by user-defined `init_weights` in PIDNet  

backbone.compression_2.bn.bias - torch.Size([64]): 
Initialized by user-defined `init_weights` in PIDNet  

backbone.pag_1.f_i.conv.weight - torch.Size([32, 64, 1, 1]): 
Initialized by user-defined `init_weights` in PIDNet  

backbone.pag_1.f_i.bn.weight - torch.Size([32]): 
Initialized by user-defined `init_weights` in PIDNet  

backbone.pag_1.f_i.bn.bias - torch.Size([32]): 
Initialized by user-defined `init_weights` in PIDNet  

backbone.pag_1.f_p.conv.weight - torch.Size([32, 64, 1, 1]): 
Initialized by user-defined `init_weights` in PIDNet  

backbone.pag_1.f_p.bn.weight - torch.Size([32]): 
Initialized by user-defined `init_weights` in PIDNet  

backbone.pag_1.f_p.bn.bias - torch.Size([32]): 
Initialized by user-defined `init_weights` in PIDNet  

backbone.pag_2.f_i.conv.weight - torch.Size([32, 64, 1, 1]): 
Initialized by user-defined `init_weights` in PIDNet  

backbone.pag_2.f_i.bn.weight - torch.Size([32]): 
Initialized by user-defined `init_weights` in PIDNet  

backbone.pag_2.f_i.bn.bias - torch.Size([32]): 
Initialized by user-defined `init_weights` in PIDNet  

backbone.pag_2.f_p.conv.weight - torch.Size([32, 64, 1, 1]): 
Initialized by user-defined `init_weights` in PIDNet  

backbone.pag_2.f_p.bn.weight - torch.Size([32]): 
Initialized by user-defined `init_weights` in PIDNet  

backbone.pag_2.f_p.bn.bias - torch.Size([32]): 
Initialized by user-defined `init_weights` in PIDNet  

backbone.d_branch_layers.0.conv1.conv.weight - torch.Size([32, 64, 3, 3]): 
Initialized by user-defined `init_weights` in PIDNet  

backbone.d_branch_layers.0.conv1.bn.weight - torch.Size([32]): 
The value is the same before and after calling `init_weights` of EncoderDecoder  

backbone.d_branch_layers.0.conv1.bn.bias - torch.Size([32]): 
The value is the same before and after calling `init_weights` of EncoderDecoder  

backbone.d_branch_layers.0.conv2.conv.weight - torch.Size([32, 32, 3, 3]): 
Initialized by user-defined `init_weights` in PIDNet  

backbone.d_branch_layers.0.conv2.bn.weight - torch.Size([32]): 
The value is the same before and after calling `init_weights` of EncoderDecoder  

backbone.d_branch_layers.0.conv2.bn.bias - torch.Size([32]): 
The value is the same before and after calling `init_weights` of EncoderDecoder  

backbone.d_branch_layers.0.downsample.conv.weight - torch.Size([32, 64, 1, 1]): 
Initialized by user-defined `init_weights` in PIDNet  

backbone.d_branch_layers.0.downsample.bn.weight - torch.Size([32]): 
The value is the same before and after calling `init_weights` of EncoderDecoder  

backbone.d_branch_layers.0.downsample.bn.bias - torch.Size([32]): 
The value is the same before and after calling `init_weights` of EncoderDecoder  

backbone.d_branch_layers.1.0.conv1.conv.weight - torch.Size([32, 32, 1, 1]): 
Initialized by user-defined `init_weights` in PIDNet  

backbone.d_branch_layers.1.0.conv1.bn.weight - torch.Size([32]): 
The value is the same before and after calling `init_weights` of EncoderDecoder  

backbone.d_branch_layers.1.0.conv1.bn.bias - torch.Size([32]): 
The value is the same before and after calling `init_weights` of EncoderDecoder  

backbone.d_branch_layers.1.0.conv2.conv.weight - torch.Size([32, 32, 3, 3]): 
Initialized by user-defined `init_weights` in PIDNet  

backbone.d_branch_layers.1.0.conv2.bn.weight - torch.Size([32]): 
The value is the same before and after calling `init_weights` of EncoderDecoder  

backbone.d_branch_layers.1.0.conv2.bn.bias - torch.Size([32]): 
The value is the same before and after calling `init_weights` of EncoderDecoder  

backbone.d_branch_layers.1.0.conv3.conv.weight - torch.Size([64, 32, 1, 1]): 
Initialized by user-defined `init_weights` in PIDNet  

backbone.d_branch_layers.1.0.conv3.bn.weight - torch.Size([64]): 
The value is the same before and after calling `init_weights` of EncoderDecoder  

backbone.d_branch_layers.1.0.conv3.bn.bias - torch.Size([64]): 
The value is the same before and after calling `init_weights` of EncoderDecoder  

backbone.d_branch_layers.1.0.downsample.conv.weight - torch.Size([64, 32, 1, 1]): 
Initialized by user-defined `init_weights` in PIDNet  

backbone.d_branch_layers.1.0.downsample.bn.weight - torch.Size([64]): 
The value is the same before and after calling `init_weights` of EncoderDecoder  

backbone.d_branch_layers.1.0.downsample.bn.bias - torch.Size([64]): 
The value is the same before and after calling `init_weights` of EncoderDecoder  

backbone.d_branch_layers.2.0.conv1.conv.weight - torch.Size([64, 64, 1, 1]): 
Initialized by user-defined `init_weights` in PIDNet  

backbone.d_branch_layers.2.0.conv1.bn.weight - torch.Size([64]): 
The value is the same before and after calling `init_weights` of EncoderDecoder  

backbone.d_branch_layers.2.0.conv1.bn.bias - torch.Size([64]): 
The value is the same before and after calling `init_weights` of EncoderDecoder  

backbone.d_branch_layers.2.0.conv2.conv.weight - torch.Size([64, 64, 3, 3]): 
Initialized by user-defined `init_weights` in PIDNet  

backbone.d_branch_layers.2.0.conv2.bn.weight - torch.Size([64]): 
The value is the same before and after calling `init_weights` of EncoderDecoder  

backbone.d_branch_layers.2.0.conv2.bn.bias - torch.Size([64]): 
The value is the same before and after calling `init_weights` of EncoderDecoder  

backbone.d_branch_layers.2.0.conv3.conv.weight - torch.Size([128, 64, 1, 1]): 
Initialized by user-defined `init_weights` in PIDNet  

backbone.d_branch_layers.2.0.conv3.bn.weight - torch.Size([128]): 
The value is the same before and after calling `init_weights` of EncoderDecoder  

backbone.d_branch_layers.2.0.conv3.bn.bias - torch.Size([128]): 
The value is the same before and after calling `init_weights` of EncoderDecoder  

backbone.d_branch_layers.2.0.downsample.conv.weight - torch.Size([128, 64, 1, 1]): 
Initialized by user-defined `init_weights` in PIDNet  

backbone.d_branch_layers.2.0.downsample.bn.weight - torch.Size([128]): 
The value is the same before and after calling `init_weights` of EncoderDecoder  

backbone.d_branch_layers.2.0.downsample.bn.bias - torch.Size([128]): 
The value is the same before and after calling `init_weights` of EncoderDecoder  

backbone.diff_1.conv.weight - torch.Size([32, 128, 3, 3]): 
Initialized by user-defined `init_weights` in PIDNet  

backbone.diff_1.bn.weight - torch.Size([32]): 
The value is the same before and after calling `init_weights` of EncoderDecoder  

backbone.diff_1.bn.bias - torch.Size([32]): 
The value is the same before and after calling `init_weights` of EncoderDecoder  

backbone.diff_2.conv.weight - torch.Size([64, 256, 3, 3]): 
Initialized by user-defined `init_weights` in PIDNet  

backbone.diff_2.bn.weight - torch.Size([64]): 
The value is the same before and after calling `init_weights` of EncoderDecoder  

backbone.diff_2.bn.bias - torch.Size([64]): 
The value is the same before and after calling `init_weights` of EncoderDecoder  

backbone.spp.scales.0.conv.weight - torch.Size([96, 512, 1, 1]): 
Initialized by user-defined `init_weights` in PIDNet  

backbone.spp.scales.0.bn.weight - torch.Size([512]): 
The value is the same before and after calling `init_weights` of EncoderDecoder  

backbone.spp.scales.0.bn.bias - torch.Size([512]): 
The value is the same before and after calling `init_weights` of EncoderDecoder  

backbone.spp.scales.1.1.conv.weight - torch.Size([96, 512, 1, 1]): 
Initialized by user-defined `init_weights` in PIDNet  

backbone.spp.scales.1.1.bn.weight - torch.Size([512]): 
The value is the same before and after calling `init_weights` of EncoderDecoder  

backbone.spp.scales.1.1.bn.bias - torch.Size([512]): 
The value is the same before and after calling `init_weights` of EncoderDecoder  

backbone.spp.scales.2.1.conv.weight - torch.Size([96, 512, 1, 1]): 
Initialized by user-defined `init_weights` in PIDNet  

backbone.spp.scales.2.1.bn.weight - torch.Size([512]): 
The value is the same before and after calling `init_weights` of EncoderDecoder  

backbone.spp.scales.2.1.bn.bias - torch.Size([512]): 
The value is the same before and after calling `init_weights` of EncoderDecoder  

backbone.spp.scales.3.1.conv.weight - torch.Size([96, 512, 1, 1]): 
Initialized by user-defined `init_weights` in PIDNet  

backbone.spp.scales.3.1.bn.weight - torch.Size([512]): 
The value is the same before and after calling `init_weights` of EncoderDecoder  

backbone.spp.scales.3.1.bn.bias - torch.Size([512]): 
The value is the same before and after calling `init_weights` of EncoderDecoder  

backbone.spp.scales.4.1.conv.weight - torch.Size([96, 512, 1, 1]): 
Initialized by user-defined `init_weights` in PIDNet  

backbone.spp.scales.4.1.bn.weight - torch.Size([512]): 
The value is the same before and after calling `init_weights` of EncoderDecoder  

backbone.spp.scales.4.1.bn.bias - torch.Size([512]): 
The value is the same before and after calling `init_weights` of EncoderDecoder  

backbone.spp.processes.conv.weight - torch.Size([384, 96, 3, 3]): 
Initialized by user-defined `init_weights` in PIDNet  

backbone.spp.processes.bn.weight - torch.Size([384]): 
The value is the same before and after calling `init_weights` of EncoderDecoder  

backbone.spp.processes.bn.bias - torch.Size([384]): 
The value is the same before and after calling `init_weights` of EncoderDecoder  

backbone.spp.compression.conv.weight - torch.Size([128, 480, 1, 1]): 
Initialized by user-defined `init_weights` in PIDNet  

backbone.spp.compression.bn.weight - torch.Size([480]): 
The value is the same before and after calling `init_weights` of EncoderDecoder  

backbone.spp.compression.bn.bias - torch.Size([480]): 
The value is the same before and after calling `init_weights` of EncoderDecoder  

backbone.spp.shortcut.conv.weight - torch.Size([128, 512, 1, 1]): 
Initialized by user-defined `init_weights` in PIDNet  

backbone.spp.shortcut.bn.weight - torch.Size([512]): 
The value is the same before and after calling `init_weights` of EncoderDecoder  

backbone.spp.shortcut.bn.bias - torch.Size([512]): 
The value is the same before and after calling `init_weights` of EncoderDecoder  

backbone.dfm.f_p.conv.weight - torch.Size([128, 128, 1, 1]): 
Initialized by user-defined `init_weights` in PIDNet  

backbone.dfm.f_p.bn.weight - torch.Size([128]): 
The value is the same before and after calling `init_weights` of EncoderDecoder  

backbone.dfm.f_p.bn.bias - torch.Size([128]): 
The value is the same before and after calling `init_weights` of EncoderDecoder  

backbone.dfm.f_i.conv.weight - torch.Size([128, 128, 1, 1]): 
Initialized by user-defined `init_weights` in PIDNet  

backbone.dfm.f_i.bn.weight - torch.Size([128]): 
The value is the same before and after calling `init_weights` of EncoderDecoder  

backbone.dfm.f_i.bn.bias - torch.Size([128]): 
The value is the same before and after calling `init_weights` of EncoderDecoder  

decode_head.conv_seg.weight - torch.Size([19, 128, 1, 1]): 
Initialized by user-defined `init_weights` in PIDHead  

decode_head.conv_seg.bias - torch.Size([19]): 
The value is the same before and after calling `init_weights` of EncoderDecoder  

decode_head.i_head.conv.conv.weight - torch.Size([128, 128, 3, 3]): 
Initialized by user-defined `init_weights` in PIDHead  

decode_head.i_head.conv.bn.weight - torch.Size([128]): 
The value is the same before and after calling `init_weights` of EncoderDecoder  

decode_head.i_head.conv.bn.bias - torch.Size([128]): 
The value is the same before and after calling `init_weights` of EncoderDecoder  

decode_head.i_head.norm.weight - torch.Size([128]): 
The value is the same before and after calling `init_weights` of EncoderDecoder  

decode_head.i_head.norm.bias - torch.Size([128]): 
The value is the same before and after calling `init_weights` of EncoderDecoder  

decode_head.p_head.conv.conv.weight - torch.Size([128, 64, 3, 3]): 
Initialized by user-defined `init_weights` in PIDHead  

decode_head.p_head.conv.bn.weight - torch.Size([64]): 
The value is the same before and after calling `init_weights` of EncoderDecoder  

decode_head.p_head.conv.bn.bias - torch.Size([64]): 
The value is the same before and after calling `init_weights` of EncoderDecoder  

decode_head.p_head.norm.weight - torch.Size([128]): 
The value is the same before and after calling `init_weights` of EncoderDecoder  

decode_head.p_head.norm.bias - torch.Size([128]): 
The value is the same before and after calling `init_weights` of EncoderDecoder  

decode_head.d_head.conv.conv.weight - torch.Size([32, 64, 3, 3]): 
Initialized by user-defined `init_weights` in PIDHead  

decode_head.d_head.conv.bn.weight - torch.Size([64]): 
The value is the same before and after calling `init_weights` of EncoderDecoder  

decode_head.d_head.conv.bn.bias - torch.Size([64]): 
The value is the same before and after calling `init_weights` of EncoderDecoder  

decode_head.d_head.norm.weight - torch.Size([32]): 
The value is the same before and after calling `init_weights` of EncoderDecoder  

decode_head.d_head.norm.bias - torch.Size([32]): 
The value is the same before and after calling `init_weights` of EncoderDecoder  

decode_head.p_cls_seg.weight - torch.Size([19, 128, 1, 1]): 
Initialized by user-defined `init_weights` in PIDHead  

decode_head.p_cls_seg.bias - torch.Size([19]): 
The value is the same before and after calling `init_weights` of EncoderDecoder  

decode_head.d_cls_seg.weight - torch.Size([1, 32, 1, 1]): 
Initialized by user-defined `init_weights` in PIDHead  

decode_head.d_cls_seg.bias - torch.Size([1]): 
The value is the same before and after calling `init_weights` of EncoderDecoder  
2026/04/06 10:24:45 - mmengine - WARNING - Gradient accumulative may slightly decrease performance because the model has BatchNorm layers.
2026/04/06 10:24:45 - mmengine - WARNING - "FileClient" will be deprecated in future. Please use io functions in https://mmengine.readthedocs.io/en/latest/api/fileio.html#file-io
2026/04/06 10:24:45 - mmengine - WARNING - "HardDiskBackend" is the alias of "LocalBackend" and the former will be deprecated in future.
2026/04/06 10:24:45 - mmengine - INFO - Checkpoints will be saved to /home/tstone10/AUTONOMOUS_DRIVING/GhostPIDNet/work_dirs/halo-12-pidnet-s_1xb6-120k_1024x1024-cityscapes-accumulative2.
2026/04/06 10:25:34 - mmengine - INFO - Iter(train) [    50/120000]  lr: 9.9963e-03  eta: 1 day, 8:20:12  time: 0.8121  data_time: 0.0277  memory: 6887  loss: 4.5225  decode.loss_sem_p: 0.5953  decode.loss_sem_i: 1.4438  decode.loss_bd: 0.8063  decode.loss_sem_bd: 1.6771  decode.acc_seg: 76.4658
2026/04/06 10:26:15 - mmengine - INFO - Iter(train) [   100/120000]  lr: 9.9926e-03  eta: 1 day, 5:59:06  time: 0.8208  data_time: 0.0287  memory: 6817  loss: 3.5367  decode.loss_sem_p: 0.4113  decode.loss_sem_i: 1.0761  decode.loss_bd: 0.6390  decode.loss_sem_bd: 1.4102  decode.acc_seg: 76.3005
2026/04/06 10:26:57 - mmengine - INFO - Iter(train) [   150/120000]  lr: 9.9888e-03  eta: 1 day, 5:14:29  time: 0.8312  data_time: 0.0296  memory: 6815  loss: 3.4823  decode.loss_sem_p: 0.3898  decode.loss_sem_i: 1.1735  decode.loss_bd: 0.6107  decode.loss_sem_bd: 1.3083  decode.acc_seg: 77.9143
2026/04/06 10:27:38 - mmengine - INFO - Iter(train) [   200/120000]  lr: 9.9851e-03  eta: 1 day, 4:47:50  time: 0.8269  data_time: 0.0289  memory: 6811  loss: 3.1773  decode.loss_sem_p: 0.2844  decode.loss_sem_i: 0.9950  decode.loss_bd: 0.5534  decode.loss_sem_bd: 1.3445  decode.acc_seg: 85.4786
2026/04/06 10:28:20 - mmengine - INFO - Iter(train) [   250/120000]  lr: 9.9813e-03  eta: 1 day, 4:31:15  time: 0.8206  data_time: 0.0281  memory: 6813  loss: 3.3874  decode.loss_sem_p: 0.3679  decode.loss_sem_i: 1.1316  decode.loss_bd: 0.6000  decode.loss_sem_bd: 1.2879  decode.acc_seg: 84.5033
2026/04/06 10:29:01 - mmengine - INFO - Iter(train) [   300/120000]  lr: 9.9776e-03  eta: 1 day, 4:22:06  time: 0.8387  data_time: 0.0282  memory: 6812  loss: 3.0964  decode.loss_sem_p: 0.3121  decode.loss_sem_i: 1.0309  decode.loss_bd: 0.5385  decode.loss_sem_bd: 1.2148  decode.acc_seg: 81.1804
2026/04/06 10:29:43 - mmengine - INFO - Iter(train) [   350/120000]  lr: 9.9738e-03  eta: 1 day, 4:12:54  time: 0.8157  data_time: 0.0285  memory: 6814  loss: 2.8139  decode.loss_sem_p: 0.2916  decode.loss_sem_i: 0.8296  decode.loss_bd: 0.5379  decode.loss_sem_bd: 1.1548  decode.acc_seg: 83.4267
2026/04/06 10:30:24 - mmengine - INFO - Iter(train) [   400/120000]  lr: 9.9701e-03  eta: 1 day, 4:04:55  time: 0.8134  data_time: 0.0289  memory: 6815  loss: 2.7847  decode.loss_sem_p: 0.2658  decode.loss_sem_i: 0.8498  decode.loss_bd: 0.5272  decode.loss_sem_bd: 1.1419  decode.acc_seg: 93.0184
2026/04/06 10:31:05 - mmengine - INFO - Iter(train) [   450/120000]  lr: 9.9663e-03  eta: 1 day, 4:00:03  time: 0.8168  data_time: 0.0287  memory: 6811  loss: 2.7247  decode.loss_sem_p: 0.2430  decode.loss_sem_i: 0.8873  decode.loss_bd: 0.4994  decode.loss_sem_bd: 1.0951  decode.acc_seg: 87.9404
2026/04/06 10:31:43 - mmengine - INFO - Exp name: halo-12-pidnet-s_1xb6-120k_1024x1024-cityscapes-accumulative2_20260406_102438
2026/04/06 10:31:46 - mmengine - INFO - Iter(train) [   500/120000]  lr: 9.9626e-03  eta: 1 day, 3:56:08  time: 0.8071  data_time: 0.0292  memory: 6811  loss: 2.8308  decode.loss_sem_p: 0.2720  decode.loss_sem_i: 0.9263  decode.loss_bd: 0.5121  decode.loss_sem_bd: 1.1204  decode.acc_seg: 90.7630
2026/04/06 10:32:22 - mmengine - INFO - Iter(train) [   550/120000]  lr: 9.9588e-03  eta: 1 day, 3:33:22  time: 0.6704  data_time: 0.0264  memory: 6811  loss: 2.8427  decode.loss_sem_p: 0.2369  decode.loss_sem_i: 0.9164  decode.loss_bd: 0.5618  decode.loss_sem_bd: 1.1276  decode.acc_seg: 89.8886
2026/04/06 10:33:00 - mmengine - INFO - Iter(train) [   600/120000]  lr: 9.9551e-03  eta: 1 day, 3:21:13  time: 0.8280  data_time: 0.0294  memory: 6811  loss: 2.9630  decode.loss_sem_p: 0.2776  decode.loss_sem_i: 0.9686  decode.loss_bd: 0.5483  decode.loss_sem_bd: 1.1686  decode.acc_seg: 85.0616
2026/04/06 10:33:41 - mmengine - INFO - Iter(train) [   650/120000]  lr: 9.9513e-03  eta: 1 day, 3:19:45  time: 0.8225  data_time: 0.0275  memory: 6810  loss: 2.6083  decode.loss_sem_p: 0.2411  decode.loss_sem_i: 0.8221  decode.loss_bd: 0.5021  decode.loss_sem_bd: 1.0430  decode.acc_seg: 91.7718
2026/04/06 10:34:22 - mmengine - INFO - Iter(train) [   700/120000]  lr: 9.9476e-03  eta: 1 day, 3:18:56  time: 0.8137  data_time: 0.0283  memory: 6808  loss: 2.5576  decode.loss_sem_p: 0.2419  decode.loss_sem_i: 0.8158  decode.loss_bd: 0.4663  decode.loss_sem_bd: 1.0336  decode.acc_seg: 79.8315
2026/04/06 10:35:04 - mmengine - INFO - Iter(train) [   750/120000]  lr: 9.9438e-03  eta: 1 day, 3:18:05  time: 0.8269  data_time: 0.0290  memory: 6812  loss: 2.6577  decode.loss_sem_p: 0.2212  decode.loss_sem_i: 0.8556  decode.loss_bd: 0.4847  decode.loss_sem_bd: 1.0962  decode.acc_seg: 89.0670
2026/04/06 10:35:45 - mmengine - INFO - Iter(train) [   800/120000]  lr: 9.9401e-03  eta: 1 day, 3:17:54  time: 0.8378  data_time: 0.0287  memory: 6808  loss: 2.5623  decode.loss_sem_p: 0.2336  decode.loss_sem_i: 0.8393  decode.loss_bd: 0.4432  decode.loss_sem_bd: 1.0462  decode.acc_seg: 87.3206
2026/04/06 10:36:26 - mmengine - INFO - Iter(train) [   850/120000]  lr: 9.9363e-03  eta: 1 day, 3:17:18  time: 0.8487  data_time: 0.0301  memory: 6810  loss: 2.6318  decode.loss_sem_p: 0.2586  decode.loss_sem_i: 0.9206  decode.loss_bd: 0.4185  decode.loss_sem_bd: 1.0340  decode.acc_seg: 85.5205
2026/04/06 10:37:07 - mmengine - INFO - Iter(train) [   900/120000]  lr: 9.9325e-03  eta: 1 day, 3:16:01  time: 0.8157  data_time: 0.0277  memory: 6809  loss: 2.7648  decode.loss_sem_p: 0.2416  decode.loss_sem_i: 0.8936  decode.loss_bd: 0.5168  decode.loss_sem_bd: 1.1128  decode.acc_seg: 87.8981
2026/04/06 10:37:48 - mmengine - INFO - Iter(train) [   950/120000]  lr: 9.9288e-03  eta: 1 day, 3:15:17  time: 0.8116  data_time: 0.0269  memory: 6810  loss: 2.7154  decode.loss_sem_p: 0.2158  decode.loss_sem_i: 0.9161  decode.loss_bd: 0.4816  decode.loss_sem_bd: 1.1018  decode.acc_seg: 91.5223
2026/04/06 10:38:29 - mmengine - INFO - Exp name: halo-12-pidnet-s_1xb6-120k_1024x1024-cityscapes-accumulative2_20260406_102438
2026/04/06 10:38:29 - mmengine - INFO - Iter(train) [  1000/120000]  lr: 9.9250e-03  eta: 1 day, 3:14:22  time: 0.8044  data_time: 0.0280  memory: 6809  loss: 2.3593  decode.loss_sem_p: 0.1744  decode.loss_sem_i: 0.7342  decode.loss_bd: 0.4504  decode.loss_sem_bd: 1.0003  decode.acc_seg: 92.3497
2026/04/06 10:39:11 - mmengine - INFO - Iter(train) [  1050/120000]  lr: 9.9213e-03  eta: 1 day, 3:13:25  time: 0.8080  data_time: 0.0281  memory: 6807  loss: 2.4377  decode.loss_sem_p: 0.1821  decode.loss_sem_i: 0.8009  decode.loss_bd: 0.4828  decode.loss_sem_bd: 0.9719  decode.acc_seg: 90.6282
2026/04/06 10:39:52 - mmengine - INFO - Iter(train) [  1100/120000]  lr: 9.9175e-03  eta: 1 day, 3:12:24  time: 0.8029  data_time: 0.0277  memory: 6808  loss: 2.6508  decode.loss_sem_p: 0.2278  decode.loss_sem_i: 1.0004  decode.loss_bd: 0.4433  decode.loss_sem_bd: 0.9794  decode.acc_seg: 84.4815
2026/04/06 10:40:33 - mmengine - INFO - Iter(train) [  1150/120000]  lr: 9.9138e-03  eta: 1 day, 3:11:34  time: 0.8042  data_time: 0.0276  memory: 6809  loss: 2.5969  decode.loss_sem_p: 0.2212  decode.loss_sem_i: 0.8422  decode.loss_bd: 0.5002  decode.loss_sem_bd: 1.0333  decode.acc_seg: 84.5464
2026/04/06 10:41:14 - mmengine - INFO - Iter(train) [  1200/120000]  lr: 9.9100e-03  eta: 1 day, 3:10:39  time: 0.8196  data_time: 0.0286  memory: 6809  loss: 2.5460  decode.loss_sem_p: 0.2149  decode.loss_sem_i: 0.8772  decode.loss_bd: 0.4237  decode.loss_sem_bd: 1.0302  decode.acc_seg: 92.6276
2026/04/06 10:41:55 - mmengine - INFO - Iter(train) [  1250/120000]  lr: 9.9063e-03  eta: 1 day, 3:10:13  time: 0.8181  data_time: 0.0287  memory: 6809  loss: 2.4537  decode.loss_sem_p: 0.2031  decode.loss_sem_i: 0.7922  decode.loss_bd: 0.4550  decode.loss_sem_bd: 1.0033  decode.acc_seg: 89.3351
2026/04/06 10:42:37 - mmengine - INFO - Iter(train) [  1300/120000]  lr: 9.9025e-03  eta: 1 day, 3:10:35  time: 0.8481  data_time: 0.0298  memory: 6811  loss: 2.5248  decode.loss_sem_p: 0.2127  decode.loss_sem_i: 0.8261  decode.loss_bd: 0.4674  decode.loss_sem_bd: 1.0186  decode.acc_seg: 88.0890
2026/04/06 10:43:18 - mmengine - INFO - Iter(train) [  1350/120000]  lr: 9.8988e-03  eta: 1 day, 3:09:19  time: 0.8148  data_time: 0.0280  memory: 6815  loss: 2.5584  decode.loss_sem_p: 0.2257  decode.loss_sem_i: 0.8484  decode.loss_bd: 0.4794  decode.loss_sem_bd: 1.0049  decode.acc_seg: 88.5905
2026/04/06 10:43:59 - mmengine - INFO - Iter(train) [  1400/120000]  lr: 9.8950e-03  eta: 1 day, 3:08:34  time: 0.8085  data_time: 0.0275  memory: 6808  loss: 2.3489  decode.loss_sem_p: 0.2097  decode.loss_sem_i: 0.7698  decode.loss_bd: 0.4473  decode.loss_sem_bd: 0.9221  decode.acc_seg: 87.8405
2026/04/06 10:44:40 - mmengine - INFO - Iter(train) [  1450/120000]  lr: 9.8913e-03  eta: 1 day, 3:07:44  time: 0.8220  data_time: 0.0277  memory: 6810  loss: 2.3294  decode.loss_sem_p: 0.1973  decode.loss_sem_i: 0.7301  decode.loss_bd: 0.4511  decode.loss_sem_bd: 0.9508  decode.acc_seg: 94.1045
2026/04/06 10:45:21 - mmengine - INFO - Iter(train) [  1500/120000]  lr: 9.8875e-03  eta: 1 day, 3:07:14  time: 0.8288  data_time: 0.0282  memory: 6810  loss: 2.4743  decode.loss_sem_p: 0.2107  decode.loss_sem_i: 0.8471  decode.loss_bd: 0.4451  decode.loss_sem_bd: 0.9714  decode.acc_seg: 92.9903
