2026/04/05 10:49:41 - mmengine - INFO - 
------------------------------------------------------------
System environment:
    sys.platform: linux
    Python: 3.8.15 (default, Nov 24 2022, 15:19:38) [GCC 11.2.0]
    CUDA available: True
    MUSA available: False
    numpy_random_seed: 304
    GPU 0: NVIDIA RTX A4000
    CUDA_HOME: /usr/local/cuda-11.8
    NVCC: Cuda compilation tools, release 11.8, V11.8.89
    GCC: gcc (Ubuntu 9.4.0-1ubuntu1~20.04.2) 9.4.0
    PyTorch: 2.2.1+cu118
    PyTorch compiling details: PyTorch built with:
  - GCC 9.3
  - C++ Version: 201703
  - Intel(R) oneAPI Math Kernel Library Version 2022.2-Product Build 20220804 for Intel(R) 64 architecture applications
  - Intel(R) MKL-DNN v3.3.2 (Git Hash 2dc95a2ad0841e29db8b22fbccaf3e5da7992b01)
  - OpenMP 201511 (a.k.a. OpenMP 4.5)
  - LAPACK is enabled (usually provided by MKL)
  - NNPACK is enabled
  - CPU capability usage: AVX512
  - CUDA Runtime 11.8
  - NVCC architecture flags: -gencode;arch=compute_50,code=sm_50;-gencode;arch=compute_60,code=sm_60;-gencode;arch=compute_70,code=sm_70;-gencode;arch=compute_75,code=sm_75;-gencode;arch=compute_80,code=sm_80;-gencode;arch=compute_86,code=sm_86;-gencode;arch=compute_37,code=sm_37;-gencode;arch=compute_90,code=sm_90
  - CuDNN 8.7
  - Magma 2.6.1
  - Build settings: BLAS_INFO=mkl, BUILD_TYPE=Release, CUDA_VERSION=11.8, CUDNN_VERSION=8.7.0, CXX_COMPILER=/opt/rh/devtoolset-9/root/usr/bin/c++, CXX_FLAGS= -D_GLIBCXX_USE_CXX11_ABI=0 -fabi-version=11 -fvisibility-inlines-hidden -DUSE_PTHREADPOOL -DNDEBUG -DUSE_KINETO -DLIBKINETO_NOROCTRACER -DUSE_FBGEMM -DUSE_QNNPACK -DUSE_PYTORCH_QNNPACK -DUSE_XNNPACK -DSYMBOLICATE_MOBILE_DEBUG_HANDLE -O2 -fPIC -Wall -Wextra -Werror=return-type -Werror=non-virtual-dtor -Werror=bool-operation -Wnarrowing -Wno-missing-field-initializers -Wno-type-limits -Wno-array-bounds -Wno-unknown-pragmas -Wno-unused-parameter -Wno-unused-function -Wno-unused-result -Wno-strict-overflow -Wno-strict-aliasing -Wno-stringop-overflow -Wsuggest-override -Wno-psabi -Wno-error=pedantic -Wno-error=old-style-cast -Wno-missing-braces -fdiagnostics-color=always -faligned-new -Wno-unused-but-set-variable -Wno-maybe-uninitialized -fno-math-errno -fno-trapping-math -Werror=format -Wno-stringop-overflow, LAPACK_INFO=mkl, PERF_WITH_AVX=1, PERF_WITH_AVX2=1, PERF_WITH_AVX512=1, TORCH_VERSION=2.2.1, USE_CUDA=ON, USE_CUDNN=ON, USE_EXCEPTION_PTR=1, USE_GFLAGS=OFF, USE_GLOG=OFF, USE_MKL=ON, USE_MKLDNN=ON, USE_MPI=OFF, USE_NCCL=1, USE_NNPACK=ON, USE_OPENMP=ON, USE_ROCM=OFF, USE_ROCM_KERNEL_ASSERT=OFF, 

    TorchVision: 0.17.1+cu118
    OpenCV: 4.13.0
    MMEngine: 0.10.7

Runtime environment:
    cudnn_benchmark: True
    mp_cfg: {'mp_start_method': 'fork', 'opencv_num_threads': 0}
    dist_cfg: {'backend': 'nccl'}
    seed: 304
    Distributed launcher: none
    Distributed training: False
    GPU number: 1
------------------------------------------------------------

2026/04/05 10:49:41 - mmengine - INFO - Config:
checkpoint_file = 'https://download.openmmlab.com/mmsegmentation/v0.5/pretrain/pidnet/pidnet-s_imagenet1k_20230306-715e6273.pth'
class_weight = [
    0.8373,
    0.918,
    0.866,
    1.0345,
    1.0166,
    0.9969,
    0.9754,
    1.0489,
    0.8786,
    1.0023,
    0.9539,
    0.9843,
    1.1116,
    0.9037,
    1.0865,
    1.0955,
    1.0865,
    1.1529,
    1.0507,
]
crop_size = (
    1024,
    1024,
)
data_preprocessor = dict(
    bgr_to_rgb=True,
    mean=[
        123.675,
        116.28,
        103.53,
    ],
    pad_val=0,
    seg_pad_val=255,
    size=(
        1024,
        1024,
    ),
    std=[
        58.395,
        57.12,
        57.375,
    ],
    type='SegDataPreProcessor')
data_root = 'data/cityscapes/'
dataset_type = 'CityscapesDataset'
default_hooks = dict(
    checkpoint=dict(
        by_epoch=False, interval=1000, save_best='mIoU',
        type='CheckpointHook'),
    logger=dict(interval=50, log_metric_by_epoch=False, type='LoggerHook'),
    param_scheduler=dict(type='ParamSchedulerHook'),
    sampler_seed=dict(type='DistSamplerSeedHook'),
    timer=dict(type='IterTimerHook'),
    visualization=dict(type='SegVisualizationHook'))
default_scope = 'mmseg'
env_cfg = dict(
    cudnn_benchmark=True,
    dist_cfg=dict(backend='nccl'),
    mp_cfg=dict(mp_start_method='fork', opencv_num_threads=0))
img_ratios = [
    0.5,
    0.75,
    1.0,
    1.25,
    1.5,
    1.75,
]
iters = 120000
launcher = 'none'
load_from = None
log_level = 'INFO'
log_processor = dict(by_epoch=False)
model = dict(
    backbone=dict(
        act_cfg=dict(inplace=True, type='ReLU'),
        align_corners=False,
        channels=32,
        in_channels=3,
        init_cfg=dict(
            checkpoint=
            'https://download.openmmlab.com/mmsegmentation/v0.5/pretrain/pidnet/pidnet-s_imagenet1k_20230306-715e6273.pth',
            type='Pretrained'),
        norm_cfg=dict(requires_grad=True, type='BN'),
        num_branch_blocks=3,
        num_stem_blocks=2,
        ppm_channels=96,
        type='PIDNet'),
    data_preprocessor=dict(
        bgr_to_rgb=True,
        mean=[
            123.675,
            116.28,
            103.53,
        ],
        pad_val=0,
        seg_pad_val=255,
        size=(
            1024,
            1024,
        ),
        std=[
            58.395,
            57.12,
            57.375,
        ],
        type='SegDataPreProcessor'),
    decode_head=dict(
        act_cfg=dict(inplace=True, type='ReLU'),
        align_corners=True,
        channels=128,
        in_channels=128,
        loss_decode=[
            dict(loss_weight=0.4, type='CrossEntropyLoss', use_sigmoid=False),
            dict(
                class_weight=[
                    0.8373,
                    0.918,
                    0.866,
                    1.0345,
                    1.0166,
                    0.9969,
                    0.9754,
                    1.0489,
                    0.8786,
                    1.0023,
                    0.9539,
                    0.9843,
                    1.1116,
                    0.9037,
                    1.0865,
                    1.0955,
                    1.0865,
                    1.1529,
                    1.0507,
                ],
                loss_weight=1.0,
                min_kept=131072,
                thres=0.9,
                type='OhemCrossEntropy'),
            dict(loss_weight=1.0, type='BoundaryLoss'),
            dict(
                class_weight=[
                    0.8373,
                    0.918,
                    0.866,
                    1.0345,
                    1.0166,
                    0.9969,
                    0.9754,
                    1.0489,
                    0.8786,
                    1.0023,
                    0.9539,
                    0.9843,
                    1.1116,
                    0.9037,
                    1.0865,
                    1.0955,
                    1.0865,
                    1.1529,
                    1.0507,
                ],
                loss_weight=1.0,
                min_kept=131072,
                thres=0.9,
                type='OhemCrossEntropy'),
        ],
        norm_cfg=dict(requires_grad=True, type='BN'),
        num_classes=19,
        type='PIDHeadLaplacianOpt3Dynamic5Smooth'),
    test_cfg=dict(mode='whole'),
    train_cfg=dict(),
    type='EncoderDecoder')
norm_cfg = dict(requires_grad=True, type='BN')
optim_wrapper = dict(
    accumulative_counts=2,
    clip_grad=None,
    optimizer=dict(lr=0.01, momentum=0.9, type='SGD', weight_decay=0.0005),
    type='OptimWrapper')
optimizer = dict(lr=0.01, momentum=0.9, type='SGD', weight_decay=0.0005)
param_scheduler = [
    dict(
        begin=0,
        by_epoch=False,
        end=120000,
        eta_min=0,
        power=0.9,
        type='PolyLR'),
]
randomness = dict(seed=304)
resume = False
test_cfg = dict(type='TestLoop')
test_dataloader = dict(
    batch_size=1,
    dataset=dict(
        data_prefix=dict(
            img_path='leftImg8bit/val', seg_map_path='gtFine/val'),
        data_root='data/cityscapes/',
        pipeline=[
            dict(type='LoadImageFromFile'),
            dict(keep_ratio=True, scale=(
                2048,
                1024,
            ), type='Resize'),
            dict(pad_val=0, size_divisor=32, type='Pad'),
            dict(type='LoadAnnotations'),
            dict(type='PackSegInputs'),
        ],
        type='CityscapesDataset'),
    num_workers=4,
    persistent_workers=True,
    sampler=dict(shuffle=False, type='DefaultSampler'))
test_evaluator = dict(
    iou_metrics=[
        'mIoU',
    ], type='IoUMetric')
test_pipeline = [
    dict(type='LoadImageFromFile'),
    dict(keep_ratio=True, scale=(
        2048,
        1024,
    ), type='Resize'),
    dict(pad_val=0, size_divisor=32, type='Pad'),
    dict(type='LoadAnnotations'),
    dict(type='PackSegInputs'),
]
train_cfg = dict(
    max_iters=120000, type='IterBasedTrainLoop', val_interval=1000)
train_dataloader = dict(
    batch_size=6,
    dataset=dict(
        data_prefix=dict(
            img_path='leftImg8bit/train', seg_map_path='gtFine/train'),
        data_root='data/cityscapes/',
        pipeline=[
            dict(type='LoadImageFromFile'),
            dict(type='LoadAnnotations'),
            dict(
                keep_ratio=True,
                ratio_range=(
                    0.5,
                    2.0,
                ),
                scale=(
                    2048,
                    1024,
                ),
                type='RandomResize'),
            dict(
                cat_max_ratio=0.75,
                crop_size=(
                    1024,
                    1024,
                ),
                type='RandomCrop'),
            dict(prob=0.5, type='RandomFlip'),
            dict(type='PhotoMetricDistortion'),
            dict(edge_width=4, type='GenerateEdge'),
            dict(type='PackSegInputs'),
        ],
        type='CityscapesDataset'),
    num_workers=4,
    persistent_workers=True,
    sampler=dict(shuffle=True, type='InfiniteSampler'))
train_pipeline = [
    dict(type='LoadImageFromFile'),
    dict(type='LoadAnnotations'),
    dict(
        keep_ratio=True,
        ratio_range=(
            0.5,
            2.0,
        ),
        scale=(
            2048,
            1024,
        ),
        type='RandomResize'),
    dict(cat_max_ratio=0.75, crop_size=(
        1024,
        1024,
    ), type='RandomCrop'),
    dict(prob=0.5, type='RandomFlip'),
    dict(type='PhotoMetricDistortion'),
    dict(edge_width=4, type='GenerateEdge'),
    dict(type='PackSegInputs'),
]
tta_model = dict(type='SegTTAModel')
tta_pipeline = [
    dict(backend_args=None, type='LoadImageFromFile'),
    dict(
        transforms=[
            [
                dict(keep_ratio=True, scale_factor=0.5, type='Resize'),
                dict(keep_ratio=True, scale_factor=0.75, type='Resize'),
                dict(keep_ratio=True, scale_factor=1.0, type='Resize'),
                dict(keep_ratio=True, scale_factor=1.25, type='Resize'),
                dict(keep_ratio=True, scale_factor=1.5, type='Resize'),
                dict(keep_ratio=True, scale_factor=1.75, type='Resize'),
            ],
            [
                dict(direction='horizontal', prob=0.0, type='RandomFlip'),
                dict(direction='horizontal', prob=1.0, type='RandomFlip'),
            ],
            [
                dict(type='LoadAnnotations'),
            ],
            [
                dict(type='PackSegInputs'),
            ],
        ],
        type='TestTimeAug'),
]
val_cfg = dict(type='ValLoop')
val_dataloader = dict(
    batch_size=1,
    dataset=dict(
        data_prefix=dict(
            img_path='leftImg8bit/val', seg_map_path='gtFine/val'),
        data_root='data/cityscapes/',
        pipeline=[
            dict(type='LoadImageFromFile'),
            dict(keep_ratio=True, scale=(
                2048,
                1024,
            ), type='Resize'),
            dict(pad_val=0, size_divisor=32, type='Pad'),
            dict(type='LoadAnnotations'),
            dict(type='PackSegInputs'),
        ],
        type='CityscapesDataset'),
    num_workers=4,
    persistent_workers=True,
    sampler=dict(shuffle=False, type='DefaultSampler'))
val_evaluator = dict(
    iou_metrics=[
        'mIoU',
    ], type='IoUMetric')
vis_backends = [
    dict(type='LocalVisBackend'),
]
visualizer = dict(
    name='visualizer',
    type='SegLocalVisualizer',
    vis_backends=[
        dict(type='LocalVisBackend'),
    ])
work_dir = './work_dirs/halo-12-laplacian-loss-dynamic5-smooth-1GPU-120k-pidnet-s_1xb6-120k_1024x1024-cityscapes-accumulative2'

2026/04/05 10:49:44 - mmengine - INFO - Distributed training is not used, all SyncBatchNorm (SyncBN) layers in the model will be automatically reverted to BatchNormXd layers if they are used.
2026/04/05 10:49:44 - mmengine - INFO - Hooks will be executed in the following order:
before_run:
(VERY_HIGH   ) RuntimeInfoHook                    
(BELOW_NORMAL) LoggerHook                         
 -------------------- 
before_train:
(VERY_HIGH   ) RuntimeInfoHook                    
(NORMAL      ) IterTimerHook                      
(VERY_LOW    ) CheckpointHook                     
 -------------------- 
before_train_epoch:
(VERY_HIGH   ) RuntimeInfoHook                    
(NORMAL      ) IterTimerHook                      
(NORMAL      ) DistSamplerSeedHook                
 -------------------- 
before_train_iter:
(VERY_HIGH   ) RuntimeInfoHook                    
(NORMAL      ) IterTimerHook                      
 -------------------- 
after_train_iter:
(VERY_HIGH   ) RuntimeInfoHook                    
(NORMAL      ) IterTimerHook                      
(BELOW_NORMAL) LoggerHook                         
(LOW         ) ParamSchedulerHook                 
(VERY_LOW    ) CheckpointHook                     
 -------------------- 
after_train_epoch:
(NORMAL      ) IterTimerHook                      
(LOW         ) ParamSchedulerHook                 
(VERY_LOW    ) CheckpointHook                     
 -------------------- 
before_val:
(VERY_HIGH   ) RuntimeInfoHook                    
 -------------------- 
before_val_epoch:
(NORMAL      ) IterTimerHook                      
 -------------------- 
before_val_iter:
(NORMAL      ) IterTimerHook                      
 -------------------- 
after_val_iter:
(NORMAL      ) IterTimerHook                      
(NORMAL      ) SegVisualizationHook               
(BELOW_NORMAL) LoggerHook                         
 -------------------- 
after_val_epoch:
(VERY_HIGH   ) RuntimeInfoHook                    
(NORMAL      ) IterTimerHook                      
(BELOW_NORMAL) LoggerHook                         
(LOW         ) ParamSchedulerHook                 
(VERY_LOW    ) CheckpointHook                     
 -------------------- 
after_val:
(VERY_HIGH   ) RuntimeInfoHook                    
 -------------------- 
after_train:
(VERY_HIGH   ) RuntimeInfoHook                    
(VERY_LOW    ) CheckpointHook                     
 -------------------- 
before_test:
(VERY_HIGH   ) RuntimeInfoHook                    
 -------------------- 
before_test_epoch:
(NORMAL      ) IterTimerHook                      
 -------------------- 
before_test_iter:
(NORMAL      ) IterTimerHook                      
 -------------------- 
after_test_iter:
(NORMAL      ) IterTimerHook                      
(NORMAL      ) SegVisualizationHook               
(BELOW_NORMAL) LoggerHook                         
 -------------------- 
after_test_epoch:
(VERY_HIGH   ) RuntimeInfoHook                    
(NORMAL      ) IterTimerHook                      
(BELOW_NORMAL) LoggerHook                         
 -------------------- 
after_test:
(VERY_HIGH   ) RuntimeInfoHook                    
 -------------------- 
after_run:
(BELOW_NORMAL) LoggerHook                         
 -------------------- 
2026/04/05 10:49:45 - mmengine - WARNING - The prefix is not set in metric class IoUMetric.
2026/04/05 10:49:45 - mmengine - INFO - Loads checkpoint by http backend from path: https://download.openmmlab.com/mmsegmentation/v0.5/pretrain/pidnet/pidnet-s_imagenet1k_20230306-715e6273.pth
Name of parameter - Initialization information

backbone.stem.0.conv.weight - torch.Size([32, 3, 3, 3]): 
Initialized by user-defined `init_weights` in PIDNet  

backbone.stem.0.bn.weight - torch.Size([32]): 
Initialized by user-defined `init_weights` in PIDNet  

backbone.stem.0.bn.bias - torch.Size([32]): 
Initialized by user-defined `init_weights` in PIDNet  

backbone.stem.1.conv.weight - torch.Size([32, 32, 3, 3]): 
Initialized by user-defined `init_weights` in PIDNet  

backbone.stem.1.bn.weight - torch.Size([32]): 
Initialized by user-defined `init_weights` in PIDNet  

backbone.stem.1.bn.bias - torch.Size([32]): 
Initialized by user-defined `init_weights` in PIDNet  

backbone.stem.2.0.conv1.conv.weight - torch.Size([32, 32, 3, 3]): 
Initialized by user-defined `init_weights` in PIDNet  

backbone.stem.2.0.conv1.bn.weight - torch.Size([32]): 
Initialized by user-defined `init_weights` in PIDNet  

backbone.stem.2.0.conv1.bn.bias - torch.Size([32]): 
Initialized by user-defined `init_weights` in PIDNet  

backbone.stem.2.0.conv2.conv.weight - torch.Size([32, 32, 3, 3]): 
Initialized by user-defined `init_weights` in PIDNet  

backbone.stem.2.0.conv2.bn.weight - torch.Size([32]): 
Initialized by user-defined `init_weights` in PIDNet  

backbone.stem.2.0.conv2.bn.bias - torch.Size([32]): 
Initialized by user-defined `init_weights` in PIDNet  

backbone.stem.2.1.conv1.conv.weight - torch.Size([32, 32, 3, 3]): 
Initialized by user-defined `init_weights` in PIDNet  

backbone.stem.2.1.conv1.bn.weight - torch.Size([32]): 
Initialized by user-defined `init_weights` in PIDNet  

backbone.stem.2.1.conv1.bn.bias - torch.Size([32]): 
Initialized by user-defined `init_weights` in PIDNet  

backbone.stem.2.1.conv2.conv.weight - torch.Size([32, 32, 3, 3]): 
Initialized by user-defined `init_weights` in PIDNet  

backbone.stem.2.1.conv2.bn.weight - torch.Size([32]): 
Initialized by user-defined `init_weights` in PIDNet  

backbone.stem.2.1.conv2.bn.bias - torch.Size([32]): 
Initialized by user-defined `init_weights` in PIDNet  

backbone.stem.4.0.conv1.conv.weight - torch.Size([64, 32, 3, 3]): 
Initialized by user-defined `init_weights` in PIDNet  

backbone.stem.4.0.conv1.bn.weight - torch.Size([64]): 
Initialized by user-defined `init_weights` in PIDNet  

backbone.stem.4.0.conv1.bn.bias - torch.Size([64]): 
Initialized by user-defined `init_weights` in PIDNet  

backbone.stem.4.0.conv2.conv.weight - torch.Size([64, 64, 3, 3]): 
Initialized by user-defined `init_weights` in PIDNet  

backbone.stem.4.0.conv2.bn.weight - torch.Size([64]): 
Initialized by user-defined `init_weights` in PIDNet  

backbone.stem.4.0.conv2.bn.bias - torch.Size([64]): 
Initialized by user-defined `init_weights` in PIDNet  

backbone.stem.4.0.downsample.conv.weight - torch.Size([64, 32, 1, 1]): 
Initialized by user-defined `init_weights` in PIDNet  

backbone.stem.4.0.downsample.bn.weight - torch.Size([64]): 
Initialized by user-defined `init_weights` in PIDNet  

backbone.stem.4.0.downsample.bn.bias - torch.Size([64]): 
Initialized by user-defined `init_weights` in PIDNet  

backbone.stem.4.1.conv1.conv.weight - torch.Size([64, 64, 3, 3]): 
Initialized by user-defined `init_weights` in PIDNet  

backbone.stem.4.1.conv1.bn.weight - torch.Size([64]): 
Initialized by user-defined `init_weights` in PIDNet  

backbone.stem.4.1.conv1.bn.bias - torch.Size([64]): 
Initialized by user-defined `init_weights` in PIDNet  

backbone.stem.4.1.conv2.conv.weight - torch.Size([64, 64, 3, 3]): 
Initialized by user-defined `init_weights` in PIDNet  

backbone.stem.4.1.conv2.bn.weight - torch.Size([64]): 
Initialized by user-defined `init_weights` in PIDNet  

backbone.stem.4.1.conv2.bn.bias - torch.Size([64]): 
Initialized by user-defined `init_weights` in PIDNet  

backbone.i_branch_layers.0.0.conv1.conv.weight - torch.Size([128, 64, 3, 3]): 
Initialized by user-defined `init_weights` in PIDNet  

backbone.i_branch_layers.0.0.conv1.bn.weight - torch.Size([128]): 
Initialized by user-defined `init_weights` in PIDNet  

backbone.i_branch_layers.0.0.conv1.bn.bias - torch.Size([128]): 
Initialized by user-defined `init_weights` in PIDNet  

backbone.i_branch_layers.0.0.conv2.conv.weight - torch.Size([128, 128, 3, 3]): 
Initialized by user-defined `init_weights` in PIDNet  

backbone.i_branch_layers.0.0.conv2.bn.weight - torch.Size([128]): 
Initialized by user-defined `init_weights` in PIDNet  

backbone.i_branch_layers.0.0.conv2.bn.bias - torch.Size([128]): 
Initialized by user-defined `init_weights` in PIDNet  

backbone.i_branch_layers.0.0.downsample.conv.weight - torch.Size([128, 64, 1, 1]): 
Initialized by user-defined `init_weights` in PIDNet  

backbone.i_branch_layers.0.0.downsample.bn.weight - torch.Size([128]): 
Initialized by user-defined `init_weights` in PIDNet  

backbone.i_branch_layers.0.0.downsample.bn.bias - torch.Size([128]): 
Initialized by user-defined `init_weights` in PIDNet  

backbone.i_branch_layers.0.1.conv1.conv.weight - torch.Size([128, 128, 3, 3]): 
Initialized by user-defined `init_weights` in PIDNet  

backbone.i_branch_layers.0.1.conv1.bn.weight - torch.Size([128]): 
Initialized by user-defined `init_weights` in PIDNet  

backbone.i_branch_layers.0.1.conv1.bn.bias - torch.Size([128]): 
Initialized by user-defined `init_weights` in PIDNet  

backbone.i_branch_layers.0.1.conv2.conv.weight - torch.Size([128, 128, 3, 3]): 
Initialized by user-defined `init_weights` in PIDNet  

backbone.i_branch_layers.0.1.conv2.bn.weight - torch.Size([128]): 
Initialized by user-defined `init_weights` in PIDNet  

backbone.i_branch_layers.0.1.conv2.bn.bias - torch.Size([128]): 
Initialized by user-defined `init_weights` in PIDNet  

backbone.i_branch_layers.0.2.conv1.conv.weight - torch.Size([128, 128, 3, 3]): 
Initialized by user-defined `init_weights` in PIDNet  

backbone.i_branch_layers.0.2.conv1.bn.weight - torch.Size([128]): 
Initialized by user-defined `init_weights` in PIDNet  

backbone.i_branch_layers.0.2.conv1.bn.bias - torch.Size([128]): 
Initialized by user-defined `init_weights` in PIDNet  

backbone.i_branch_layers.0.2.conv2.conv.weight - torch.Size([128, 128, 3, 3]): 
Initialized by user-defined `init_weights` in PIDNet  

backbone.i_branch_layers.0.2.conv2.bn.weight - torch.Size([128]): 
Initialized by user-defined `init_weights` in PIDNet  

backbone.i_branch_layers.0.2.conv2.bn.bias - torch.Size([128]): 
Initialized by user-defined `init_weights` in PIDNet  

backbone.i_branch_layers.1.0.conv1.conv.weight - torch.Size([256, 128, 3, 3]): 
Initialized by user-defined `init_weights` in PIDNet  

backbone.i_branch_layers.1.0.conv1.bn.weight - torch.Size([256]): 
Initialized by user-defined `init_weights` in PIDNet  

backbone.i_branch_layers.1.0.conv1.bn.bias - torch.Size([256]): 
Initialized by user-defined `init_weights` in PIDNet  

backbone.i_branch_layers.1.0.conv2.conv.weight - torch.Size([256, 256, 3, 3]): 
Initialized by user-defined `init_weights` in PIDNet  

backbone.i_branch_layers.1.0.conv2.bn.weight - torch.Size([256]): 
Initialized by user-defined `init_weights` in PIDNet  

backbone.i_branch_layers.1.0.conv2.bn.bias - torch.Size([256]): 
Initialized by user-defined `init_weights` in PIDNet  

backbone.i_branch_layers.1.0.downsample.conv.weight - torch.Size([256, 128, 1, 1]): 
Initialized by user-defined `init_weights` in PIDNet  

backbone.i_branch_layers.1.0.downsample.bn.weight - torch.Size([256]): 
Initialized by user-defined `init_weights` in PIDNet  

backbone.i_branch_layers.1.0.downsample.bn.bias - torch.Size([256]): 
Initialized by user-defined `init_weights` in PIDNet  

backbone.i_branch_layers.1.1.conv1.conv.weight - torch.Size([256, 256, 3, 3]): 
Initialized by user-defined `init_weights` in PIDNet  

backbone.i_branch_layers.1.1.conv1.bn.weight - torch.Size([256]): 
Initialized by user-defined `init_weights` in PIDNet  

backbone.i_branch_layers.1.1.conv1.bn.bias - torch.Size([256]): 
Initialized by user-defined `init_weights` in PIDNet  

backbone.i_branch_layers.1.1.conv2.conv.weight - torch.Size([256, 256, 3, 3]): 
Initialized by user-defined `init_weights` in PIDNet  

backbone.i_branch_layers.1.1.conv2.bn.weight - torch.Size([256]): 
Initialized by user-defined `init_weights` in PIDNet  

backbone.i_branch_layers.1.1.conv2.bn.bias - torch.Size([256]): 
Initialized by user-defined `init_weights` in PIDNet  

backbone.i_branch_layers.1.2.conv1.conv.weight - torch.Size([256, 256, 3, 3]): 
Initialized by user-defined `init_weights` in PIDNet  

backbone.i_branch_layers.1.2.conv1.bn.weight - torch.Size([256]): 
Initialized by user-defined `init_weights` in PIDNet  

backbone.i_branch_layers.1.2.conv1.bn.bias - torch.Size([256]): 
Initialized by user-defined `init_weights` in PIDNet  

backbone.i_branch_layers.1.2.conv2.conv.weight - torch.Size([256, 256, 3, 3]): 
Initialized by user-defined `init_weights` in PIDNet  

backbone.i_branch_layers.1.2.conv2.bn.weight - torch.Size([256]): 
Initialized by user-defined `init_weights` in PIDNet  

backbone.i_branch_layers.1.2.conv2.bn.bias - torch.Size([256]): 
Initialized by user-defined `init_weights` in PIDNet  

backbone.i_branch_layers.2.0.conv1.conv.weight - torch.Size([256, 256, 1, 1]): 
Initialized by user-defined `init_weights` in PIDNet  

backbone.i_branch_layers.2.0.conv1.bn.weight - torch.Size([256]): 
Initialized by user-defined `init_weights` in PIDNet  

backbone.i_branch_layers.2.0.conv1.bn.bias - torch.Size([256]): 
Initialized by user-defined `init_weights` in PIDNet  

backbone.i_branch_layers.2.0.conv2.conv.weight - torch.Size([256, 256, 3, 3]): 
Initialized by user-defined `init_weights` in PIDNet  

backbone.i_branch_layers.2.0.conv2.bn.weight - torch.Size([256]): 
Initialized by user-defined `init_weights` in PIDNet  

backbone.i_branch_layers.2.0.conv2.bn.bias - torch.Size([256]): 
Initialized by user-defined `init_weights` in PIDNet  

backbone.i_branch_layers.2.0.conv3.conv.weight - torch.Size([512, 256, 1, 1]): 
Initialized by user-defined `init_weights` in PIDNet  

backbone.i_branch_layers.2.0.conv3.bn.weight - torch.Size([512]): 
Initialized by user-defined `init_weights` in PIDNet  

backbone.i_branch_layers.2.0.conv3.bn.bias - torch.Size([512]): 
Initialized by user-defined `init_weights` in PIDNet  

backbone.i_branch_layers.2.0.downsample.conv.weight - torch.Size([512, 256, 1, 1]): 
Initialized by user-defined `init_weights` in PIDNet  

backbone.i_branch_layers.2.0.downsample.bn.weight - torch.Size([512]): 
Initialized by user-defined `init_weights` in PIDNet  

backbone.i_branch_layers.2.0.downsample.bn.bias - torch.Size([512]): 
Initialized by user-defined `init_weights` in PIDNet  

backbone.i_branch_layers.2.1.conv1.conv.weight - torch.Size([256, 512, 1, 1]): 
Initialized by user-defined `init_weights` in PIDNet  

backbone.i_branch_layers.2.1.conv1.bn.weight - torch.Size([256]): 
Initialized by user-defined `init_weights` in PIDNet  

backbone.i_branch_layers.2.1.conv1.bn.bias - torch.Size([256]): 
Initialized by user-defined `init_weights` in PIDNet  

backbone.i_branch_layers.2.1.conv2.conv.weight - torch.Size([256, 256, 3, 3]): 
Initialized by user-defined `init_weights` in PIDNet  

backbone.i_branch_layers.2.1.conv2.bn.weight - torch.Size([256]): 
Initialized by user-defined `init_weights` in PIDNet  

backbone.i_branch_layers.2.1.conv2.bn.bias - torch.Size([256]): 
Initialized by user-defined `init_weights` in PIDNet  

backbone.i_branch_layers.2.1.conv3.conv.weight - torch.Size([512, 256, 1, 1]): 
Initialized by user-defined `init_weights` in PIDNet  

backbone.i_branch_layers.2.1.conv3.bn.weight - torch.Size([512]): 
Initialized by user-defined `init_weights` in PIDNet  

backbone.i_branch_layers.2.1.conv3.bn.bias - torch.Size([512]): 
Initialized by user-defined `init_weights` in PIDNet  

backbone.p_branch_layers.0.0.conv1.conv.weight - torch.Size([64, 64, 3, 3]): 
Initialized by user-defined `init_weights` in PIDNet  

backbone.p_branch_layers.0.0.conv1.bn.weight - torch.Size([64]): 
Initialized by user-defined `init_weights` in PIDNet  

backbone.p_branch_layers.0.0.conv1.bn.bias - torch.Size([64]): 
Initialized by user-defined `init_weights` in PIDNet  

backbone.p_branch_layers.0.0.conv2.conv.weight - torch.Size([64, 64, 3, 3]): 
Initialized by user-defined `init_weights` in PIDNet  

backbone.p_branch_layers.0.0.conv2.bn.weight - torch.Size([64]): 
Initialized by user-defined `init_weights` in PIDNet  

backbone.p_branch_layers.0.0.conv2.bn.bias - torch.Size([64]): 
Initialized by user-defined `init_weights` in PIDNet  

backbone.p_branch_layers.0.1.conv1.conv.weight - torch.Size([64, 64, 3, 3]): 
Initialized by user-defined `init_weights` in PIDNet  

backbone.p_branch_layers.0.1.conv1.bn.weight - torch.Size([64]): 
Initialized by user-defined `init_weights` in PIDNet  

backbone.p_branch_layers.0.1.conv1.bn.bias - torch.Size([64]): 
Initialized by user-defined `init_weights` in PIDNet  

backbone.p_branch_layers.0.1.conv2.conv.weight - torch.Size([64, 64, 3, 3]): 
Initialized by user-defined `init_weights` in PIDNet  

backbone.p_branch_layers.0.1.conv2.bn.weight - torch.Size([64]): 
Initialized by user-defined `init_weights` in PIDNet  

backbone.p_branch_layers.0.1.conv2.bn.bias - torch.Size([64]): 
Initialized by user-defined `init_weights` in PIDNet  

backbone.p_branch_layers.1.0.conv1.conv.weight - torch.Size([64, 64, 3, 3]): 
Initialized by user-defined `init_weights` in PIDNet  

backbone.p_branch_layers.1.0.conv1.bn.weight - torch.Size([64]): 
Initialized by user-defined `init_weights` in PIDNet  

backbone.p_branch_layers.1.0.conv1.bn.bias - torch.Size([64]): 
Initialized by user-defined `init_weights` in PIDNet  

backbone.p_branch_layers.1.0.conv2.conv.weight - torch.Size([64, 64, 3, 3]): 
Initialized by user-defined `init_weights` in PIDNet  

backbone.p_branch_layers.1.0.conv2.bn.weight - torch.Size([64]): 
Initialized by user-defined `init_weights` in PIDNet  

backbone.p_branch_layers.1.0.conv2.bn.bias - torch.Size([64]): 
Initialized by user-defined `init_weights` in PIDNet  

backbone.p_branch_layers.1.1.conv1.conv.weight - torch.Size([64, 64, 3, 3]): 
Initialized by user-defined `init_weights` in PIDNet  

backbone.p_branch_layers.1.1.conv1.bn.weight - torch.Size([64]): 
Initialized by user-defined `init_weights` in PIDNet  

backbone.p_branch_layers.1.1.conv1.bn.bias - torch.Size([64]): 
Initialized by user-defined `init_weights` in PIDNet  

backbone.p_branch_layers.1.1.conv2.conv.weight - torch.Size([64, 64, 3, 3]): 
Initialized by user-defined `init_weights` in PIDNet  

backbone.p_branch_layers.1.1.conv2.bn.weight - torch.Size([64]): 
Initialized by user-defined `init_weights` in PIDNet  

backbone.p_branch_layers.1.1.conv2.bn.bias - torch.Size([64]): 
Initialized by user-defined `init_weights` in PIDNet  

backbone.p_branch_layers.2.0.conv1.conv.weight - torch.Size([64, 64, 1, 1]): 
Initialized by user-defined `init_weights` in PIDNet  

backbone.p_branch_layers.2.0.conv1.bn.weight - torch.Size([64]): 
Initialized by user-defined `init_weights` in PIDNet  

backbone.p_branch_layers.2.0.conv1.bn.bias - torch.Size([64]): 
Initialized by user-defined `init_weights` in PIDNet  

backbone.p_branch_layers.2.0.conv2.conv.weight - torch.Size([64, 64, 3, 3]): 
Initialized by user-defined `init_weights` in PIDNet  

backbone.p_branch_layers.2.0.conv2.bn.weight - torch.Size([64]): 
Initialized by user-defined `init_weights` in PIDNet  

backbone.p_branch_layers.2.0.conv2.bn.bias - torch.Size([64]): 
Initialized by user-defined `init_weights` in PIDNet  

backbone.p_branch_layers.2.0.conv3.conv.weight - torch.Size([128, 64, 1, 1]): 
Initialized by user-defined `init_weights` in PIDNet  

backbone.p_branch_layers.2.0.conv3.bn.weight - torch.Size([128]): 
Initialized by user-defined `init_weights` in PIDNet  

backbone.p_branch_layers.2.0.conv3.bn.bias - torch.Size([128]): 
Initialized by user-defined `init_weights` in PIDNet  

backbone.p_branch_layers.2.0.downsample.conv.weight - torch.Size([128, 64, 1, 1]): 
Initialized by user-defined `init_weights` in PIDNet  

backbone.p_branch_layers.2.0.downsample.bn.weight - torch.Size([128]): 
Initialized by user-defined `init_weights` in PIDNet  

backbone.p_branch_layers.2.0.downsample.bn.bias - torch.Size([128]): 
Initialized by user-defined `init_weights` in PIDNet  

backbone.compression_1.conv.weight - torch.Size([64, 128, 1, 1]): 
Initialized by user-defined `init_weights` in PIDNet  

backbone.compression_1.bn.weight - torch.Size([64]): 
Initialized by user-defined `init_weights` in PIDNet  

backbone.compression_1.bn.bias - torch.Size([64]): 
Initialized by user-defined `init_weights` in PIDNet  

backbone.compression_2.conv.weight - torch.Size([64, 256, 1, 1]): 
Initialized by user-defined `init_weights` in PIDNet  

backbone.compression_2.bn.weight - torch.Size([64]): 
Initialized by user-defined `init_weights` in PIDNet  

backbone.compression_2.bn.bias - torch.Size([64]): 
Initialized by user-defined `init_weights` in PIDNet  

backbone.pag_1.f_i.conv.weight - torch.Size([32, 64, 1, 1]): 
Initialized by user-defined `init_weights` in PIDNet  

backbone.pag_1.f_i.bn.weight - torch.Size([32]): 
Initialized by user-defined `init_weights` in PIDNet  

backbone.pag_1.f_i.bn.bias - torch.Size([32]): 
Initialized by user-defined `init_weights` in PIDNet  

backbone.pag_1.f_p.conv.weight - torch.Size([32, 64, 1, 1]): 
Initialized by user-defined `init_weights` in PIDNet  

backbone.pag_1.f_p.bn.weight - torch.Size([32]): 
Initialized by user-defined `init_weights` in PIDNet  

backbone.pag_1.f_p.bn.bias - torch.Size([32]): 
Initialized by user-defined `init_weights` in PIDNet  

backbone.pag_2.f_i.conv.weight - torch.Size([32, 64, 1, 1]): 
Initialized by user-defined `init_weights` in PIDNet  

backbone.pag_2.f_i.bn.weight - torch.Size([32]): 
Initialized by user-defined `init_weights` in PIDNet  

backbone.pag_2.f_i.bn.bias - torch.Size([32]): 
Initialized by user-defined `init_weights` in PIDNet  

backbone.pag_2.f_p.conv.weight - torch.Size([32, 64, 1, 1]): 
Initialized by user-defined `init_weights` in PIDNet  

backbone.pag_2.f_p.bn.weight - torch.Size([32]): 
Initialized by user-defined `init_weights` in PIDNet  

backbone.pag_2.f_p.bn.bias - torch.Size([32]): 
Initialized by user-defined `init_weights` in PIDNet  

backbone.d_branch_layers.0.conv1.conv.weight - torch.Size([32, 64, 3, 3]): 
Initialized by user-defined `init_weights` in PIDNet  

backbone.d_branch_layers.0.conv1.bn.weight - torch.Size([32]): 
The value is the same before and after calling `init_weights` of EncoderDecoder  

backbone.d_branch_layers.0.conv1.bn.bias - torch.Size([32]): 
The value is the same before and after calling `init_weights` of EncoderDecoder  

backbone.d_branch_layers.0.conv2.conv.weight - torch.Size([32, 32, 3, 3]): 
Initialized by user-defined `init_weights` in PIDNet  

backbone.d_branch_layers.0.conv2.bn.weight - torch.Size([32]): 
The value is the same before and after calling `init_weights` of EncoderDecoder  

backbone.d_branch_layers.0.conv2.bn.bias - torch.Size([32]): 
The value is the same before and after calling `init_weights` of EncoderDecoder  

backbone.d_branch_layers.0.downsample.conv.weight - torch.Size([32, 64, 1, 1]): 
Initialized by user-defined `init_weights` in PIDNet  

backbone.d_branch_layers.0.downsample.bn.weight - torch.Size([32]): 
The value is the same before and after calling `init_weights` of EncoderDecoder  

backbone.d_branch_layers.0.downsample.bn.bias - torch.Size([32]): 
The value is the same before and after calling `init_weights` of EncoderDecoder  

backbone.d_branch_layers.1.0.conv1.conv.weight - torch.Size([32, 32, 1, 1]): 
Initialized by user-defined `init_weights` in PIDNet  

backbone.d_branch_layers.1.0.conv1.bn.weight - torch.Size([32]): 
The value is the same before and after calling `init_weights` of EncoderDecoder  

backbone.d_branch_layers.1.0.conv1.bn.bias - torch.Size([32]): 
The value is the same before and after calling `init_weights` of EncoderDecoder  

backbone.d_branch_layers.1.0.conv2.conv.weight - torch.Size([32, 32, 3, 3]): 
Initialized by user-defined `init_weights` in PIDNet  

backbone.d_branch_layers.1.0.conv2.bn.weight - torch.Size([32]): 
The value is the same before and after calling `init_weights` of EncoderDecoder  

backbone.d_branch_layers.1.0.conv2.bn.bias - torch.Size([32]): 
The value is the same before and after calling `init_weights` of EncoderDecoder  

backbone.d_branch_layers.1.0.conv3.conv.weight - torch.Size([64, 32, 1, 1]): 
Initialized by user-defined `init_weights` in PIDNet  

backbone.d_branch_layers.1.0.conv3.bn.weight - torch.Size([64]): 
The value is the same before and after calling `init_weights` of EncoderDecoder  

backbone.d_branch_layers.1.0.conv3.bn.bias - torch.Size([64]): 
The value is the same before and after calling `init_weights` of EncoderDecoder  

backbone.d_branch_layers.1.0.downsample.conv.weight - torch.Size([64, 32, 1, 1]): 
Initialized by user-defined `init_weights` in PIDNet  

backbone.d_branch_layers.1.0.downsample.bn.weight - torch.Size([64]): 
The value is the same before and after calling `init_weights` of EncoderDecoder  

backbone.d_branch_layers.1.0.downsample.bn.bias - torch.Size([64]): 
The value is the same before and after calling `init_weights` of EncoderDecoder  

backbone.d_branch_layers.2.0.conv1.conv.weight - torch.Size([64, 64, 1, 1]): 
Initialized by user-defined `init_weights` in PIDNet  

backbone.d_branch_layers.2.0.conv1.bn.weight - torch.Size([64]): 
The value is the same before and after calling `init_weights` of EncoderDecoder  

backbone.d_branch_layers.2.0.conv1.bn.bias - torch.Size([64]): 
The value is the same before and after calling `init_weights` of EncoderDecoder  

backbone.d_branch_layers.2.0.conv2.conv.weight - torch.Size([64, 64, 3, 3]): 
Initialized by user-defined `init_weights` in PIDNet  

backbone.d_branch_layers.2.0.conv2.bn.weight - torch.Size([64]): 
The value is the same before and after calling `init_weights` of EncoderDecoder  

backbone.d_branch_layers.2.0.conv2.bn.bias - torch.Size([64]): 
The value is the same before and after calling `init_weights` of EncoderDecoder  

backbone.d_branch_layers.2.0.conv3.conv.weight - torch.Size([128, 64, 1, 1]): 
Initialized by user-defined `init_weights` in PIDNet  

backbone.d_branch_layers.2.0.conv3.bn.weight - torch.Size([128]): 
The value is the same before and after calling `init_weights` of EncoderDecoder  

backbone.d_branch_layers.2.0.conv3.bn.bias - torch.Size([128]): 
The value is the same before and after calling `init_weights` of EncoderDecoder  

backbone.d_branch_layers.2.0.downsample.conv.weight - torch.Size([128, 64, 1, 1]): 
Initialized by user-defined `init_weights` in PIDNet  

backbone.d_branch_layers.2.0.downsample.bn.weight - torch.Size([128]): 
The value is the same before and after calling `init_weights` of EncoderDecoder  

backbone.d_branch_layers.2.0.downsample.bn.bias - torch.Size([128]): 
The value is the same before and after calling `init_weights` of EncoderDecoder  

backbone.diff_1.conv.weight - torch.Size([32, 128, 3, 3]): 
Initialized by user-defined `init_weights` in PIDNet  

backbone.diff_1.bn.weight - torch.Size([32]): 
The value is the same before and after calling `init_weights` of EncoderDecoder  

backbone.diff_1.bn.bias - torch.Size([32]): 
The value is the same before and after calling `init_weights` of EncoderDecoder  

backbone.diff_2.conv.weight - torch.Size([64, 256, 3, 3]): 
Initialized by user-defined `init_weights` in PIDNet  

backbone.diff_2.bn.weight - torch.Size([64]): 
The value is the same before and after calling `init_weights` of EncoderDecoder  

backbone.diff_2.bn.bias - torch.Size([64]): 
The value is the same before and after calling `init_weights` of EncoderDecoder  

backbone.spp.scales.0.conv.weight - torch.Size([96, 512, 1, 1]): 
Initialized by user-defined `init_weights` in PIDNet  

backbone.spp.scales.0.bn.weight - torch.Size([512]): 
The value is the same before and after calling `init_weights` of EncoderDecoder  

backbone.spp.scales.0.bn.bias - torch.Size([512]): 
The value is the same before and after calling `init_weights` of EncoderDecoder  

backbone.spp.scales.1.1.conv.weight - torch.Size([96, 512, 1, 1]): 
Initialized by user-defined `init_weights` in PIDNet  

backbone.spp.scales.1.1.bn.weight - torch.Size([512]): 
The value is the same before and after calling `init_weights` of EncoderDecoder  

backbone.spp.scales.1.1.bn.bias - torch.Size([512]): 
The value is the same before and after calling `init_weights` of EncoderDecoder  

backbone.spp.scales.2.1.conv.weight - torch.Size([96, 512, 1, 1]): 
Initialized by user-defined `init_weights` in PIDNet  

backbone.spp.scales.2.1.bn.weight - torch.Size([512]): 
The value is the same before and after calling `init_weights` of EncoderDecoder  

backbone.spp.scales.2.1.bn.bias - torch.Size([512]): 
The value is the same before and after calling `init_weights` of EncoderDecoder  

backbone.spp.scales.3.1.conv.weight - torch.Size([96, 512, 1, 1]): 
Initialized by user-defined `init_weights` in PIDNet  

backbone.spp.scales.3.1.bn.weight - torch.Size([512]): 
The value is the same before and after calling `init_weights` of EncoderDecoder  

backbone.spp.scales.3.1.bn.bias - torch.Size([512]): 
The value is the same before and after calling `init_weights` of EncoderDecoder  

backbone.spp.scales.4.1.conv.weight - torch.Size([96, 512, 1, 1]): 
Initialized by user-defined `init_weights` in PIDNet  

backbone.spp.scales.4.1.bn.weight - torch.Size([512]): 
The value is the same before and after calling `init_weights` of EncoderDecoder  

backbone.spp.scales.4.1.bn.bias - torch.Size([512]): 
The value is the same before and after calling `init_weights` of EncoderDecoder  

backbone.spp.processes.conv.weight - torch.Size([384, 96, 3, 3]): 
Initialized by user-defined `init_weights` in PIDNet  

backbone.spp.processes.bn.weight - torch.Size([384]): 
The value is the same before and after calling `init_weights` of EncoderDecoder  

backbone.spp.processes.bn.bias - torch.Size([384]): 
The value is the same before and after calling `init_weights` of EncoderDecoder  

backbone.spp.compression.conv.weight - torch.Size([128, 480, 1, 1]): 
Initialized by user-defined `init_weights` in PIDNet  

backbone.spp.compression.bn.weight - torch.Size([480]): 
The value is the same before and after calling `init_weights` of EncoderDecoder  

backbone.spp.compression.bn.bias - torch.Size([480]): 
The value is the same before and after calling `init_weights` of EncoderDecoder  

backbone.spp.shortcut.conv.weight - torch.Size([128, 512, 1, 1]): 
Initialized by user-defined `init_weights` in PIDNet  

backbone.spp.shortcut.bn.weight - torch.Size([512]): 
The value is the same before and after calling `init_weights` of EncoderDecoder  

backbone.spp.shortcut.bn.bias - torch.Size([512]): 
The value is the same before and after calling `init_weights` of EncoderDecoder  

backbone.dfm.f_p.conv.weight - torch.Size([128, 128, 1, 1]): 
Initialized by user-defined `init_weights` in PIDNet  

backbone.dfm.f_p.bn.weight - torch.Size([128]): 
The value is the same before and after calling `init_weights` of EncoderDecoder  

backbone.dfm.f_p.bn.bias - torch.Size([128]): 
The value is the same before and after calling `init_weights` of EncoderDecoder  

backbone.dfm.f_i.conv.weight - torch.Size([128, 128, 1, 1]): 
Initialized by user-defined `init_weights` in PIDNet  

backbone.dfm.f_i.bn.weight - torch.Size([128]): 
The value is the same before and after calling `init_weights` of EncoderDecoder  

backbone.dfm.f_i.bn.bias - torch.Size([128]): 
The value is the same before and after calling `init_weights` of EncoderDecoder  

decode_head.conv_seg.weight - torch.Size([19, 128, 1, 1]): 
Initialized by user-defined `init_weights` in PIDHeadLaplacianOpt3Dynamic5Smooth  

decode_head.conv_seg.bias - torch.Size([19]): 
The value is the same before and after calling `init_weights` of EncoderDecoder  

decode_head.i_head.conv.conv.weight - torch.Size([128, 128, 3, 3]): 
Initialized by user-defined `init_weights` in PIDHeadLaplacianOpt3Dynamic5Smooth  

decode_head.i_head.conv.bn.weight - torch.Size([128]): 
The value is the same before and after calling `init_weights` of EncoderDecoder  

decode_head.i_head.conv.bn.bias - torch.Size([128]): 
The value is the same before and after calling `init_weights` of EncoderDecoder  

decode_head.i_head.norm.weight - torch.Size([128]): 
The value is the same before and after calling `init_weights` of EncoderDecoder  

decode_head.i_head.norm.bias - torch.Size([128]): 
The value is the same before and after calling `init_weights` of EncoderDecoder  

decode_head.p_head.conv.conv.weight - torch.Size([128, 64, 3, 3]): 
Initialized by user-defined `init_weights` in PIDHeadLaplacianOpt3Dynamic5Smooth  

decode_head.p_head.conv.bn.weight - torch.Size([64]): 
The value is the same before and after calling `init_weights` of EncoderDecoder  

decode_head.p_head.conv.bn.bias - torch.Size([64]): 
The value is the same before and after calling `init_weights` of EncoderDecoder  

decode_head.p_head.norm.weight - torch.Size([128]): 
The value is the same before and after calling `init_weights` of EncoderDecoder  

decode_head.p_head.norm.bias - torch.Size([128]): 
The value is the same before and after calling `init_weights` of EncoderDecoder  

decode_head.d_head.conv.conv.weight - torch.Size([32, 64, 3, 3]): 
Initialized by user-defined `init_weights` in PIDHeadLaplacianOpt3Dynamic5Smooth  

decode_head.d_head.conv.bn.weight - torch.Size([64]): 
The value is the same before and after calling `init_weights` of EncoderDecoder  

decode_head.d_head.conv.bn.bias - torch.Size([64]): 
The value is the same before and after calling `init_weights` of EncoderDecoder  

decode_head.d_head.norm.weight - torch.Size([32]): 
The value is the same before and after calling `init_weights` of EncoderDecoder  

decode_head.d_head.norm.bias - torch.Size([32]): 
The value is the same before and after calling `init_weights` of EncoderDecoder  

decode_head.p_cls_seg.weight - torch.Size([19, 128, 1, 1]): 
Initialized by user-defined `init_weights` in PIDHeadLaplacianOpt3Dynamic5Smooth  

decode_head.p_cls_seg.bias - torch.Size([19]): 
The value is the same before and after calling `init_weights` of EncoderDecoder  

decode_head.d_cls_seg.weight - torch.Size([1, 32, 1, 1]): 
Initialized by user-defined `init_weights` in PIDHeadLaplacianOpt3Dynamic5Smooth  

decode_head.d_cls_seg.bias - torch.Size([1]): 
The value is the same before and after calling `init_weights` of EncoderDecoder  
2026/04/05 10:49:45 - mmengine - WARNING - Gradient accumulative may slightly decrease performance because the model has BatchNorm layers.
2026/04/05 10:49:45 - mmengine - WARNING - "FileClient" will be deprecated in future. Please use io functions in https://mmengine.readthedocs.io/en/latest/api/fileio.html#file-io
2026/04/05 10:49:45 - mmengine - WARNING - "HardDiskBackend" is the alias of "LocalBackend" and the former will be deprecated in future.
2026/04/05 10:49:45 - mmengine - INFO - Checkpoints will be saved to /home/tstone10/AUTONOMOUS_DRIVING/GhostPIDNet/work_dirs/halo-12-laplacian-loss-dynamic5-smooth-1GPU-120k-pidnet-s_1xb6-120k_1024x1024-cityscapes-accumulative2.
2026/04/05 10:50:12 - mmengine - INFO - Iter(train) [    50/120000]  lr: 9.9963e-03  eta: 17:31:10  time: 0.4386  data_time: 0.0259  memory: 9380  loss: 6.0216  decode.loss_sem_p: 0.5964  decode.loss_sem_i: 1.3890  decode.loss_bd_laplacian: 2.4503  decode.loss_sem_bd: 1.5859  decode.acc_seg: 78.5158
2026/04/05 10:50:34 - mmengine - INFO - Iter(train) [   100/120000]  lr: 9.9926e-03  eta: 16:04:51  time: 0.4379  data_time: 0.0265  memory: 6884  loss: 4.8561  decode.loss_sem_p: 0.4033  decode.loss_sem_i: 1.0608  decode.loss_bd_laplacian: 2.0378  decode.loss_sem_bd: 1.3543  decode.acc_seg: 73.9750
2026/04/05 10:50:56 - mmengine - INFO - Iter(train) [   150/120000]  lr: 9.9888e-03  eta: 15:39:41  time: 0.4498  data_time: 0.0270  memory: 6825  loss: 4.9974  decode.loss_sem_p: 0.4502  decode.loss_sem_i: 1.2605  decode.loss_bd_laplacian: 1.8340  decode.loss_sem_bd: 1.4527  decode.acc_seg: 77.8888
2026/04/05 10:51:19 - mmengine - INFO - Iter(train) [   200/120000]  lr: 9.9851e-03  eta: 15:36:44  time: 0.4743  data_time: 0.0268  memory: 6816  loss: 4.5295  decode.loss_sem_p: 0.3585  decode.loss_sem_i: 1.0834  decode.loss_bd_laplacian: 1.6964  decode.loss_sem_bd: 1.3911  decode.acc_seg: 88.9751
2026/04/05 10:51:43 - mmengine - INFO - Iter(train) [   250/120000]  lr: 9.9813e-03  eta: 15:38:54  time: 0.4762  data_time: 0.0275  memory: 6813  loss: 4.4849  decode.loss_sem_p: 0.3251  decode.loss_sem_i: 1.1944  decode.loss_bd_laplacian: 1.6392  decode.loss_sem_bd: 1.3262  decode.acc_seg: 89.7952
2026/04/05 10:52:07 - mmengine - INFO - Iter(train) [   300/120000]  lr: 9.9776e-03  eta: 15:41:45  time: 0.4796  data_time: 0.0272  memory: 6814  loss: 4.2978  decode.loss_sem_p: 0.3285  decode.loss_sem_i: 1.0590  decode.loss_bd_laplacian: 1.6504  decode.loss_sem_bd: 1.2598  decode.acc_seg: 83.3187
2026/04/05 10:52:31 - mmengine - INFO - Iter(train) [   350/120000]  lr: 9.9738e-03  eta: 15:44:13  time: 0.4803  data_time: 0.0265  memory: 6814  loss: 3.8943  decode.loss_sem_p: 0.2812  decode.loss_sem_i: 0.8884  decode.loss_bd_laplacian: 1.5749  decode.loss_sem_bd: 1.1498  decode.acc_seg: 86.5452
2026/04/05 10:52:55 - mmengine - INFO - Iter(train) [   400/120000]  lr: 9.9701e-03  eta: 15:45:32  time: 0.4778  data_time: 0.0261  memory: 6812  loss: 3.7470  decode.loss_sem_p: 0.2468  decode.loss_sem_i: 0.8477  decode.loss_bd_laplacian: 1.4835  decode.loss_sem_bd: 1.1690  decode.acc_seg: 90.7057
2026/04/05 10:53:19 - mmengine - INFO - Iter(train) [   450/120000]  lr: 9.9663e-03  eta: 15:45:49  time: 0.4750  data_time: 0.0269  memory: 6815  loss: 4.0448  decode.loss_sem_p: 0.2935  decode.loss_sem_i: 1.0021  decode.loss_bd_laplacian: 1.5656  decode.loss_sem_bd: 1.1836  decode.acc_seg: 81.8846
2026/04/05 10:53:41 - mmengine - INFO - Exp name: halo-12-laplacian-loss-dynamic5-smooth-1GPU-120k-pidnet-s_1xb6-120k_1024x1024-cityscapes-accumulative2_20260405_104940
2026/04/05 10:53:43 - mmengine - INFO - Iter(train) [   500/120000]  lr: 9.9626e-03  eta: 15:45:10  time: 0.4719  data_time: 0.0269  memory: 6816  loss: 4.0173  decode.loss_sem_p: 0.2778  decode.loss_sem_i: 1.0305  decode.loss_bd_laplacian: 1.5103  decode.loss_sem_bd: 1.1987  decode.acc_seg: 88.1738
2026/04/05 10:54:06 - mmengine - INFO - Iter(train) [   550/120000]  lr: 9.9588e-03  eta: 15:43:58  time: 0.4725  data_time: 0.0274  memory: 6813  loss: 3.9397  decode.loss_sem_p: 0.3116  decode.loss_sem_i: 0.9207  decode.loss_bd_laplacian: 1.5351  decode.loss_sem_bd: 1.1723  decode.acc_seg: 88.8500
2026/04/05 10:54:30 - mmengine - INFO - Iter(train) [   600/120000]  lr: 9.9551e-03  eta: 15:42:33  time: 0.4646  data_time: 0.0266  memory: 6815  loss: 3.7558  decode.loss_sem_p: 0.2466  decode.loss_sem_i: 0.9207  decode.loss_bd_laplacian: 1.4790  decode.loss_sem_bd: 1.1095  decode.acc_seg: 84.4913
2026/04/05 10:54:53 - mmengine - INFO - Iter(train) [   650/120000]  lr: 9.9513e-03  eta: 15:40:31  time: 0.4615  data_time: 0.0270  memory: 6816  loss: 3.7770  decode.loss_sem_p: 0.2383  decode.loss_sem_i: 1.0120  decode.loss_bd_laplacian: 1.4421  decode.loss_sem_bd: 1.0846  decode.acc_seg: 90.7222
2026/04/05 10:55:16 - mmengine - INFO - Iter(train) [   700/120000]  lr: 9.9476e-03  eta: 15:38:31  time: 0.4633  data_time: 0.0274  memory: 6814  loss: 3.6282  decode.loss_sem_p: 0.2453  decode.loss_sem_i: 0.8483  decode.loss_bd_laplacian: 1.4564  decode.loss_sem_bd: 1.0782  decode.acc_seg: 89.2957
2026/04/05 10:55:39 - mmengine - INFO - Iter(train) [   750/120000]  lr: 9.9438e-03  eta: 15:36:25  time: 0.4599  data_time: 0.0264  memory: 6815  loss: 3.4574  decode.loss_sem_p: 0.1817  decode.loss_sem_i: 0.8097  decode.loss_bd_laplacian: 1.3879  decode.loss_sem_bd: 1.0780  decode.acc_seg: 89.2467
2026/04/05 10:56:02 - mmengine - INFO - Iter(train) [   800/120000]  lr: 9.9401e-03  eta: 15:34:14  time: 0.4546  data_time: 0.0268  memory: 6811  loss: 3.4776  decode.loss_sem_p: 0.2171  decode.loss_sem_i: 0.7837  decode.loss_bd_laplacian: 1.4103  decode.loss_sem_bd: 1.0665  decode.acc_seg: 91.5463
2026/04/05 10:56:25 - mmengine - INFO - Iter(train) [   850/120000]  lr: 9.9363e-03  eta: 15:32:33  time: 0.4547  data_time: 0.0264  memory: 6810  loss: 3.5889  decode.loss_sem_p: 0.2279  decode.loss_sem_i: 0.9129  decode.loss_bd_laplacian: 1.3919  decode.loss_sem_bd: 1.0562  decode.acc_seg: 83.1520
2026/04/05 10:56:47 - mmengine - INFO - Iter(train) [   900/120000]  lr: 9.9325e-03  eta: 15:30:48  time: 0.4590  data_time: 0.0272  memory: 6813  loss: 3.6588  decode.loss_sem_p: 0.2278  decode.loss_sem_i: 0.9017  decode.loss_bd_laplacian: 1.4378  decode.loss_sem_bd: 1.0915  decode.acc_seg: 89.1738
2026/04/05 10:57:10 - mmengine - INFO - Iter(train) [   950/120000]  lr: 9.9288e-03  eta: 15:29:21  time: 0.4592  data_time: 0.0289  memory: 6817  loss: 3.4694  decode.loss_sem_p: 0.2059  decode.loss_sem_i: 0.7837  decode.loss_bd_laplacian: 1.4172  decode.loss_sem_bd: 1.0627  decode.acc_seg: 93.3181
2026/04/05 10:57:33 - mmengine - INFO - Exp name: halo-12-laplacian-loss-dynamic5-smooth-1GPU-120k-pidnet-s_1xb6-120k_1024x1024-cityscapes-accumulative2_20260405_104940
2026/04/05 10:57:33 - mmengine - INFO - Iter(train) [  1000/120000]  lr: 9.9250e-03  eta: 15:27:56  time: 0.4562  data_time: 0.0289  memory: 6810  loss: 3.3630  decode.loss_sem_p: 0.2153  decode.loss_sem_i: 0.7804  decode.loss_bd_laplacian: 1.3630  decode.loss_sem_bd: 1.0043  decode.acc_seg: 94.1252
2026/04/05 10:57:33 - mmengine - INFO - Saving checkpoint at 1000 iterations
2026/04/05 10:57:37 - mmengine - INFO - Iter(val) [ 50/500]    eta: 0:00:22  time: 0.0329  data_time: 0.0053  memory: 1347  
2026/04/05 10:57:38 - mmengine - INFO - Iter(val) [100/500]    eta: 0:00:16  time: 0.0333  data_time: 0.0053  memory: 420  
2026/04/05 10:57:40 - mmengine - INFO - Iter(val) [150/500]    eta: 0:00:13  time: 0.0328  data_time: 0.0054  memory: 420  
2026/04/05 10:57:42 - mmengine - INFO - Iter(val) [200/500]    eta: 0:00:11  time: 0.0329  data_time: 0.0053  memory: 420  
2026/04/05 10:57:43 - mmengine - INFO - Iter(val) [250/500]    eta: 0:00:09  time: 0.0330  data_time: 0.0053  memory: 420  
2026/04/05 10:57:45 - mmengine - INFO - Iter(val) [300/500]    eta: 0:00:07  time: 0.0338  data_time: 0.0056  memory: 420  
2026/04/05 10:57:47 - mmengine - INFO - Iter(val) [350/500]    eta: 0:00:05  time: 0.0339  data_time: 0.0056  memory: 420  
2026/04/05 10:57:48 - mmengine - INFO - Iter(val) [400/500]    eta: 0:00:03  time: 0.0344  data_time: 0.0061  memory: 420  
2026/04/05 10:57:50 - mmengine - INFO - Iter(val) [450/500]    eta: 0:00:01  time: 0.0347  data_time: 0.0059  memory: 420  
2026/04/05 10:57:52 - mmengine - INFO - Iter(val) [500/500]    eta: 0:00:00  time: 0.0335  data_time: 0.0054  memory: 420  
2026/04/05 10:57:52 - mmengine - INFO - per class results:
2026/04/05 10:57:52 - mmengine - INFO - 
+---------------+-------+-------+
|     Class     |  IoU  |  Acc  |
+---------------+-------+-------+
|      road     | 94.47 | 97.18 |
|    sidewalk   | 64.89 | 83.37 |
|    building   | 84.53 | 92.14 |
|      wall     |  4.9  |  5.0  |
|     fence     | 22.29 | 27.81 |
|      pole     | 41.85 | 59.35 |
| traffic light | 34.32 | 43.27 |
|  traffic sign | 52.82 | 62.72 |
|   vegetation  | 87.32 | 94.04 |
|    terrain    | 38.69 | 48.13 |
|      sky      | 88.38 | 95.42 |
|     person    |  63.4 | 86.76 |
|     rider     | 16.42 |  18.8 |
|      car      | 83.89 | 96.18 |
|     truck     |  0.14 |  0.14 |
|      bus      |  9.1  |  9.35 |
|     train     |  1.19 |  1.2  |
|   motorcycle  |  6.87 |  7.58 |
|    bicycle    | 58.86 | 79.04 |
+---------------+-------+-------+
2026/04/05 10:57:52 - mmengine - INFO - Iter(val) [500/500]    aAcc: 90.8700  mIoU: 44.9700  mAcc: 53.0300  data_time: 0.0062  time: 0.0355
2026/04/05 10:57:52 - mmengine - INFO - The best checkpoint with 44.9700 mIoU at 1000 iter is saved to best_mIoU_iter_1000.pth.
2026/04/05 10:58:16 - mmengine - INFO - Iter(train) [  1050/120000]  lr: 9.9213e-03  eta: 15:28:23  time: 0.4510  data_time: 0.0273  memory: 6812  loss: 3.3426  decode.loss_sem_p: 0.2053  decode.loss_sem_i: 0.7980  decode.loss_bd_laplacian: 1.3241  decode.loss_sem_bd: 1.0152  decode.acc_seg: 93.2479
2026/04/05 10:58:38 - mmengine - INFO - Iter(train) [  1100/120000]  lr: 9.9175e-03  eta: 15:26:36  time: 0.4528  data_time: 0.0266  memory: 6818  loss: 3.3849  decode.loss_sem_p: 0.2020  decode.loss_sem_i: 0.8579  decode.loss_bd_laplacian: 1.3368  decode.loss_sem_bd: 0.9882  decode.acc_seg: 83.9308
2026/04/05 10:59:01 - mmengine - INFO - Iter(train) [  1150/120000]  lr: 9.9138e-03  eta: 15:25:18  time: 0.4569  data_time: 0.0274  memory: 6818  loss: 3.6054  decode.loss_sem_p: 0.2269  decode.loss_sem_i: 0.9660  decode.loss_bd_laplacian: 1.3575  decode.loss_sem_bd: 1.0550  decode.acc_seg: 86.9353
2026/04/05 10:59:24 - mmengine - INFO - Iter(train) [  1200/120000]  lr: 9.9100e-03  eta: 15:23:51  time: 0.4568  data_time: 0.0271  memory: 6816  loss: 3.5405  decode.loss_sem_p: 0.2308  decode.loss_sem_i: 0.8619  decode.loss_bd_laplacian: 1.3872  decode.loss_sem_bd: 1.0606  decode.acc_seg: 93.2256
2026/04/05 10:59:47 - mmengine - INFO - Iter(train) [  1250/120000]  lr: 9.9063e-03  eta: 15:22:36  time: 0.4536  data_time: 0.0271  memory: 6815  loss: 3.6491  decode.loss_sem_p: 0.2407  decode.loss_sem_i: 0.9704  decode.loss_bd_laplacian: 1.3793  decode.loss_sem_bd: 1.0586  decode.acc_seg: 76.1539
2026/04/05 11:00:09 - mmengine - INFO - Iter(train) [  1300/120000]  lr: 9.9025e-03  eta: 15:21:28  time: 0.4547  data_time: 0.0271  memory: 6815  loss: 3.5319  decode.loss_sem_p: 0.1994  decode.loss_sem_i: 0.8776  decode.loss_bd_laplacian: 1.4063  decode.loss_sem_bd: 1.0485  decode.acc_seg: 86.5675
2026/04/05 11:00:32 - mmengine - INFO - Iter(train) [  1350/120000]  lr: 9.8988e-03  eta: 15:20:15  time: 0.4545  data_time: 0.0286  memory: 6811  loss: 3.3908  decode.loss_sem_p: 0.2022  decode.loss_sem_i: 0.8047  decode.loss_bd_laplacian: 1.3960  decode.loss_sem_bd: 0.9879  decode.acc_seg: 92.1826
2026/04/05 11:00:55 - mmengine - INFO - Iter(train) [  1400/120000]  lr: 9.8950e-03  eta: 15:19:12  time: 0.4562  data_time: 0.0278  memory: 6817  loss: 3.4410  decode.loss_sem_p: 0.2015  decode.loss_sem_i: 0.8561  decode.loss_bd_laplacian: 1.4081  decode.loss_sem_bd: 0.9753  decode.acc_seg: 90.3513
2026/04/05 11:01:18 - mmengine - INFO - Iter(train) [  1450/120000]  lr: 9.8913e-03  eta: 15:18:13  time: 0.4595  data_time: 0.0289  memory: 6812  loss: 3.5130  decode.loss_sem_p: 0.2287  decode.loss_sem_i: 0.8632  decode.loss_bd_laplacian: 1.4257  decode.loss_sem_bd: 0.9954  decode.acc_seg: 95.1014
2026/04/05 11:01:41 - mmengine - INFO - Iter(train) [  1500/120000]  lr: 9.8875e-03  eta: 15:17:16  time: 0.4564  data_time: 0.0271  memory: 6812  loss: 3.2413  decode.loss_sem_p: 0.1837  decode.loss_sem_i: 0.7181  decode.loss_bd_laplacian: 1.3699  decode.loss_sem_bd: 0.9696  decode.acc_seg: 94.2582
2026/04/05 11:02:03 - mmengine - INFO - Iter(train) [  1550/120000]  lr: 9.8837e-03  eta: 15:16:24  time: 0.4571  data_time: 0.0275  memory: 6812  loss: 3.3232  decode.loss_sem_p: 0.2077  decode.loss_sem_i: 0.7727  decode.loss_bd_laplacian: 1.3775  decode.loss_sem_bd: 0.9653  decode.acc_seg: 93.0278
2026/04/05 11:02:26 - mmengine - INFO - Iter(train) [  1600/120000]  lr: 9.8800e-03  eta: 15:15:27  time: 0.4539  data_time: 0.0273  memory: 6810  loss: 3.1638  decode.loss_sem_p: 0.1676  decode.loss_sem_i: 0.7607  decode.loss_bd_laplacian: 1.2919  decode.loss_sem_bd: 0.9436  decode.acc_seg: 92.4256
2026/04/05 11:02:49 - mmengine - INFO - Iter(train) [  1650/120000]  lr: 9.8762e-03  eta: 15:14:23  time: 0.4536  data_time: 0.0267  memory: 6812  loss: 3.2321  decode.loss_sem_p: 0.1735  decode.loss_sem_i: 0.7627  decode.loss_bd_laplacian: 1.3266  decode.loss_sem_bd: 0.9693  decode.acc_seg: 92.9431
2026/04/05 11:03:12 - mmengine - INFO - Iter(train) [  1700/120000]  lr: 9.8725e-03  eta: 15:13:33  time: 0.4541  data_time: 0.0275  memory: 6816  loss: 3.5334  decode.loss_sem_p: 0.1930  decode.loss_sem_i: 1.0310  decode.loss_bd_laplacian: 1.2838  decode.loss_sem_bd: 1.0256  decode.acc_seg: 88.5778
2026/04/05 11:03:35 - mmengine - INFO - Iter(train) [  1750/120000]  lr: 9.8687e-03  eta: 15:12:47  time: 0.4548  data_time: 0.0272  memory: 6815  loss: 3.4387  decode.loss_sem_p: 0.2055  decode.loss_sem_i: 0.8254  decode.loss_bd_laplacian: 1.3875  decode.loss_sem_bd: 1.0203  decode.acc_seg: 89.4451
2026/04/05 11:03:57 - mmengine - INFO - Iter(train) [  1800/120000]  lr: 9.8650e-03  eta: 15:11:58  time: 0.4558  data_time: 0.0271  memory: 6814  loss: 3.4236  decode.loss_sem_p: 0.2204  decode.loss_sem_i: 0.8636  decode.loss_bd_laplacian: 1.3376  decode.loss_sem_bd: 1.0019  decode.acc_seg: 89.6659
