2026/04/08 17:46:52 - mmengine - INFO - 
------------------------------------------------------------
System environment:
    sys.platform: linux
    Python: 3.8.10 (default, Jun  4 2021, 15:09:15) [GCC 7.5.0]
    CUDA available: True
    MUSA available: False
    numpy_random_seed: 304
    GPU 0: NVIDIA GeForce RTX 3090
    CUDA_HOME: /usr/local/cuda
    NVCC: Cuda compilation tools, release 11.8, V11.8.89
    GCC: gcc (Ubuntu 9.4.0-1ubuntu1~20.04.1) 9.4.0
    PyTorch: 2.0.0+cu118
    PyTorch compiling details: PyTorch built with:
  - GCC 9.3
  - C++ Version: 201703
  - Intel(R) oneAPI Math Kernel Library Version 2022.2-Product Build 20220804 for Intel(R) 64 architecture applications
  - Intel(R) MKL-DNN v2.7.3 (Git Hash 6dbeffbae1f23cbbeae17adb7b5b13f1f37c080e)
  - OpenMP 201511 (a.k.a. OpenMP 4.5)
  - LAPACK is enabled (usually provided by MKL)
  - NNPACK is enabled
  - CPU capability usage: AVX2
  - CUDA Runtime 11.8
  - NVCC architecture flags: -gencode;arch=compute_37,code=sm_37;-gencode;arch=compute_50,code=sm_50;-gencode;arch=compute_60,code=sm_60;-gencode;arch=compute_70,code=sm_70;-gencode;arch=compute_75,code=sm_75;-gencode;arch=compute_80,code=sm_80;-gencode;arch=compute_86,code=sm_86;-gencode;arch=compute_90,code=sm_90
  - CuDNN 8.7
  - Magma 2.6.1
  - Build settings: BLAS_INFO=mkl, BUILD_TYPE=Release, CUDA_VERSION=11.8, CUDNN_VERSION=8.7.0, CXX_COMPILER=/opt/rh/devtoolset-9/root/usr/bin/c++, CXX_FLAGS= -D_GLIBCXX_USE_CXX11_ABI=0 -fabi-version=11 -Wno-deprecated -fvisibility-inlines-hidden -DUSE_PTHREADPOOL -DNDEBUG -DUSE_KINETO -DLIBKINETO_NOROCTRACER -DUSE_FBGEMM -DUSE_QNNPACK -DUSE_PYTORCH_QNNPACK -DUSE_XNNPACK -DSYMBOLICATE_MOBILE_DEBUG_HANDLE -O2 -fPIC -Wall -Wextra -Werror=return-type -Werror=non-virtual-dtor -Werror=bool-operation -Wnarrowing -Wno-missing-field-initializers -Wno-type-limits -Wno-array-bounds -Wno-unknown-pragmas -Wunused-local-typedefs -Wno-unused-parameter -Wno-unused-function -Wno-unused-result -Wno-strict-overflow -Wno-strict-aliasing -Wno-error=deprecated-declarations -Wno-stringop-overflow -Wno-psabi -Wno-error=pedantic -Wno-error=redundant-decls -Wno-error=old-style-cast -fdiagnostics-color=always -faligned-new -Wno-unused-but-set-variable -Wno-maybe-uninitialized -fno-math-errno -fno-trapping-math -Werror=format -Werror=cast-function-type -Wno-stringop-overflow, LAPACK_INFO=mkl, PERF_WITH_AVX=1, PERF_WITH_AVX2=1, PERF_WITH_AVX512=1, TORCH_DISABLE_GPU_ASSERTS=ON, TORCH_VERSION=2.0.0, USE_CUDA=ON, USE_CUDNN=ON, USE_EXCEPTION_PTR=1, USE_GFLAGS=OFF, USE_GLOG=OFF, USE_MKL=ON, USE_MKLDNN=ON, USE_MPI=OFF, USE_NCCL=1, USE_NNPACK=ON, USE_OPENMP=ON, USE_ROCM=OFF, 

    TorchVision: 0.15.1+cu118
    OpenCV: 4.12.0
    MMEngine: 0.10.7

Runtime environment:
    cudnn_benchmark: True
    mp_cfg: {'mp_start_method': 'fork', 'opencv_num_threads': 0}
    dist_cfg: {'backend': 'nccl'}
    seed: 304
    Distributed launcher: none
    Distributed training: False
    GPU number: 1
------------------------------------------------------------

2026/04/08 17:46:52 - mmengine - INFO - Config:
checkpoint_file = 'https://download.openmmlab.com/mmsegmentation/v0.5/pretrain/pidnet/pidnet-s_imagenet1k_20230306-715e6273.pth'
class_weight = [
    0.8373,
    0.918,
    0.866,
    1.0345,
    1.0166,
    0.9969,
    0.9754,
    1.0489,
    0.8786,
    1.0023,
    0.9539,
    0.9843,
    1.1116,
    0.9037,
    1.0865,
    1.0955,
    1.0865,
    1.1529,
    1.0507,
]
crop_size = (
    1024,
    1024,
)
data_preprocessor = dict(
    bgr_to_rgb=True,
    mean=[
        123.675,
        116.28,
        103.53,
    ],
    pad_val=0,
    seg_pad_val=255,
    size=(
        1024,
        1024,
    ),
    std=[
        58.395,
        57.12,
        57.375,
    ],
    type='SegDataPreProcessor')
data_root = 'data/cityscapes/'
dataset_type = 'CityscapesDataset'
default_hooks = dict(
    checkpoint=dict(
        by_epoch=False, interval=1000, save_best='mIoU',
        type='CheckpointHook'),
    logger=dict(interval=50, log_metric_by_epoch=False, type='LoggerHook'),
    param_scheduler=dict(type='ParamSchedulerHook'),
    sampler_seed=dict(type='DistSamplerSeedHook'),
    timer=dict(type='IterTimerHook'),
    visualization=dict(type='SegVisualizationHook'))
default_scope = 'mmseg'
env_cfg = dict(
    cudnn_benchmark=True,
    dist_cfg=dict(backend='nccl'),
    mp_cfg=dict(mp_start_method='fork', opencv_num_threads=0))
img_ratios = [
    0.5,
    0.75,
    1.0,
    1.25,
    1.5,
    1.75,
]
iters = 120000
launcher = 'none'
load_from = None
log_level = 'INFO'
log_processor = dict(by_epoch=False)
model = dict(
    backbone=dict(
        act_cfg=dict(inplace=True, type='ReLU'),
        align_corners=False,
        channels=32,
        in_channels=3,
        init_cfg=dict(
            checkpoint=
            'https://download.openmmlab.com/mmsegmentation/v0.5/pretrain/pidnet/pidnet-s_imagenet1k_20230306-715e6273.pth',
            type='Pretrained'),
        norm_cfg=dict(requires_grad=True, type='SyncBN'),
        num_branch_blocks=3,
        num_stem_blocks=2,
        ppm_channels=96,
        type='PIDNet'),
    data_preprocessor=dict(
        bgr_to_rgb=True,
        mean=[
            123.675,
            116.28,
            103.53,
        ],
        pad_val=0,
        seg_pad_val=255,
        size=(
            1024,
            1024,
        ),
        std=[
            58.395,
            57.12,
            57.375,
        ],
        type='SegDataPreProcessor'),
    decode_head=dict(
        act_cfg=dict(inplace=True, type='ReLU'),
        align_corners=True,
        channels=128,
        in_channels=128,
        loss_decode=[
            dict(loss_weight=0.4, type='CrossEntropyLoss', use_sigmoid=False),
            dict(
                class_weight=[
                    0.8373,
                    0.918,
                    0.866,
                    1.0345,
                    1.0166,
                    0.9969,
                    0.9754,
                    1.0489,
                    0.8786,
                    1.0023,
                    0.9539,
                    0.9843,
                    1.1116,
                    0.9037,
                    1.0865,
                    1.0955,
                    1.0865,
                    1.1529,
                    1.0507,
                ],
                loss_weight=1.0,
                min_kept=131072,
                thres=0.9,
                type='OhemCrossEntropy'),
            dict(loss_weight=1.0, type='BoundaryLoss'),
            dict(
                class_weight=[
                    0.8373,
                    0.918,
                    0.866,
                    1.0345,
                    1.0166,
                    0.9969,
                    0.9754,
                    1.0489,
                    0.8786,
                    1.0023,
                    0.9539,
                    0.9843,
                    1.1116,
                    0.9037,
                    1.0865,
                    1.0955,
                    1.0865,
                    1.1529,
                    1.0507,
                ],
                loss_weight=1.0,
                min_kept=131072,
                thres=0.9,
                type='OhemCrossEntropy'),
        ],
        norm_cfg=dict(requires_grad=True, type='SyncBN'),
        num_classes=19,
        type='PIDHeadHALOSameDDRAvg3Opt'),
    test_cfg=dict(mode='whole'),
    train_cfg=dict(),
    type='EncoderDecoder')
norm_cfg = dict(requires_grad=True, type='SyncBN')
optim_wrapper = dict(
    clip_grad=None,
    optimizer=dict(lr=0.01, momentum=0.9, type='SGD', weight_decay=0.0005),
    type='OptimWrapper')
optimizer = dict(lr=0.01, momentum=0.9, type='SGD', weight_decay=0.0005)
param_scheduler = [
    dict(
        begin=0, by_epoch=False, end=3000, start_factor=1e-06,
        type='LinearLR'),
    dict(
        begin=3000,
        by_epoch=False,
        end=120000,
        eta_min=0,
        power=0.9,
        type='PolyLR'),
]
randomness = dict(seed=304)
resume = False
test_cfg = dict(type='TestLoop')
test_dataloader = dict(
    batch_size=1,
    dataset=dict(
        data_prefix=dict(
            img_path='leftImg8bit/val', seg_map_path='gtFine/val'),
        data_root='data/cityscapes/',
        pipeline=[
            dict(type='LoadImageFromFile'),
            dict(keep_ratio=True, scale=(
                2048,
                1024,
            ), type='Resize'),
            dict(pad_val=0, size_divisor=32, type='Pad'),
            dict(type='LoadAnnotations'),
            dict(type='PackSegInputs'),
        ],
        type='CityscapesDataset'),
    num_workers=4,
    persistent_workers=True,
    sampler=dict(shuffle=False, type='DefaultSampler'))
test_evaluator = dict(
    iou_metrics=[
        'mIoU',
    ], type='IoUMetric')
test_pipeline = [
    dict(type='LoadImageFromFile'),
    dict(keep_ratio=True, scale=(
        2048,
        1024,
    ), type='Resize'),
    dict(pad_val=0, size_divisor=32, type='Pad'),
    dict(type='LoadAnnotations'),
    dict(type='PackSegInputs'),
]
train_cfg = dict(
    max_iters=120000, type='IterBasedTrainLoop', val_interval=1000)
train_dataloader = dict(
    batch_size=12,
    dataset=dict(
        data_prefix=dict(
            img_path='leftImg8bit/train', seg_map_path='gtFine/train'),
        data_root='data/cityscapes/',
        pipeline=[
            dict(type='LoadImageFromFile'),
            dict(type='LoadAnnotations'),
            dict(
                keep_ratio=True,
                ratio_range=(
                    0.5,
                    2.0,
                ),
                scale=(
                    2048,
                    1024,
                ),
                type='RandomResize'),
            dict(
                cat_max_ratio=0.75,
                crop_size=(
                    1024,
                    1024,
                ),
                type='RandomCrop'),
            dict(prob=0.5, type='RandomFlip'),
            dict(type='PhotoMetricDistortion'),
            dict(type='PackSegInputs'),
        ],
        type='CityscapesDataset'),
    num_workers=2,
    persistent_workers=True,
    sampler=dict(shuffle=True, type='InfiniteSampler'))
train_pipeline = [
    dict(type='LoadImageFromFile'),
    dict(type='LoadAnnotations'),
    dict(
        keep_ratio=True,
        ratio_range=(
            0.5,
            2.0,
        ),
        scale=(
            2048,
            1024,
        ),
        type='RandomResize'),
    dict(cat_max_ratio=0.75, crop_size=(
        1024,
        1024,
    ), type='RandomCrop'),
    dict(prob=0.5, type='RandomFlip'),
    dict(type='PhotoMetricDistortion'),
    dict(type='PackSegInputs'),
]
tta_model = dict(type='SegTTAModel')
tta_pipeline = [
    dict(backend_args=None, type='LoadImageFromFile'),
    dict(
        transforms=[
            [
                dict(keep_ratio=True, scale_factor=0.5, type='Resize'),
                dict(keep_ratio=True, scale_factor=0.75, type='Resize'),
                dict(keep_ratio=True, scale_factor=1.0, type='Resize'),
                dict(keep_ratio=True, scale_factor=1.25, type='Resize'),
                dict(keep_ratio=True, scale_factor=1.5, type='Resize'),
                dict(keep_ratio=True, scale_factor=1.75, type='Resize'),
            ],
            [
                dict(direction='horizontal', prob=0.0, type='RandomFlip'),
                dict(direction='horizontal', prob=1.0, type='RandomFlip'),
            ],
            [
                dict(type='LoadAnnotations'),
            ],
            [
                dict(type='PackSegInputs'),
            ],
        ],
        type='TestTimeAug'),
]
val_cfg = dict(type='ValLoop')
val_dataloader = dict(
    batch_size=1,
    dataset=dict(
        data_prefix=dict(
            img_path='leftImg8bit/val', seg_map_path='gtFine/val'),
        data_root='data/cityscapes/',
        pipeline=[
            dict(type='LoadImageFromFile'),
            dict(keep_ratio=True, scale=(
                2048,
                1024,
            ), type='Resize'),
            dict(pad_val=0, size_divisor=32, type='Pad'),
            dict(type='LoadAnnotations'),
            dict(type='PackSegInputs'),
        ],
        type='CityscapesDataset'),
    num_workers=4,
    persistent_workers=True,
    sampler=dict(shuffle=False, type='DefaultSampler'))
val_evaluator = dict(
    iou_metrics=[
        'mIoU',
    ], type='IoUMetric')
vis_backends = [
    dict(type='LocalVisBackend'),
]
visualizer = dict(
    name='visualizer',
    type='SegLocalVisualizer',
    vis_backends=[
        dict(type='LocalVisBackend'),
    ])
work_dir = './pidnet_workdir/halo-pidnet-s-halo-same-ddr-1xb12-120k_1024x1024-cityscapes-FULL'

2026/04/08 17:46:54 - mmengine - INFO - Distributed training is not used, all SyncBatchNorm (SyncBN) layers in the model will be automatically reverted to BatchNormXd layers if they are used.
2026/04/08 17:46:54 - mmengine - INFO - Hooks will be executed in the following order:
before_run:
(VERY_HIGH   ) RuntimeInfoHook                    
(BELOW_NORMAL) LoggerHook                         
 -------------------- 
before_train:
(VERY_HIGH   ) RuntimeInfoHook                    
(NORMAL      ) IterTimerHook                      
(VERY_LOW    ) CheckpointHook                     
 -------------------- 
before_train_epoch:
(VERY_HIGH   ) RuntimeInfoHook                    
(NORMAL      ) IterTimerHook                      
(NORMAL      ) DistSamplerSeedHook                
 -------------------- 
before_train_iter:
(VERY_HIGH   ) RuntimeInfoHook                    
(NORMAL      ) IterTimerHook                      
 -------------------- 
after_train_iter:
(VERY_HIGH   ) RuntimeInfoHook                    
(NORMAL      ) IterTimerHook                      
(BELOW_NORMAL) LoggerHook                         
(LOW         ) ParamSchedulerHook                 
(VERY_LOW    ) CheckpointHook                     
 -------------------- 
after_train_epoch:
(NORMAL      ) IterTimerHook                      
(LOW         ) ParamSchedulerHook                 
(VERY_LOW    ) CheckpointHook                     
 -------------------- 
before_val:
(VERY_HIGH   ) RuntimeInfoHook                    
 -------------------- 
before_val_epoch:
(NORMAL      ) IterTimerHook                      
 -------------------- 
before_val_iter:
(NORMAL      ) IterTimerHook                      
 -------------------- 
after_val_iter:
(NORMAL      ) IterTimerHook                      
(NORMAL      ) SegVisualizationHook               
(BELOW_NORMAL) LoggerHook                         
 -------------------- 
after_val_epoch:
(VERY_HIGH   ) RuntimeInfoHook                    
(NORMAL      ) IterTimerHook                      
(BELOW_NORMAL) LoggerHook                         
(LOW         ) ParamSchedulerHook                 
(VERY_LOW    ) CheckpointHook                     
 -------------------- 
after_val:
(VERY_HIGH   ) RuntimeInfoHook                    
 -------------------- 
after_train:
(VERY_HIGH   ) RuntimeInfoHook                    
(VERY_LOW    ) CheckpointHook                     
 -------------------- 
before_test:
(VERY_HIGH   ) RuntimeInfoHook                    
 -------------------- 
before_test_epoch:
(NORMAL      ) IterTimerHook                      
 -------------------- 
before_test_iter:
(NORMAL      ) IterTimerHook                      
 -------------------- 
after_test_iter:
(NORMAL      ) IterTimerHook                      
(NORMAL      ) SegVisualizationHook               
(BELOW_NORMAL) LoggerHook                         
 -------------------- 
after_test_epoch:
(VERY_HIGH   ) RuntimeInfoHook                    
(NORMAL      ) IterTimerHook                      
(BELOW_NORMAL) LoggerHook                         
 -------------------- 
after_test:
(VERY_HIGH   ) RuntimeInfoHook                    
 -------------------- 
after_run:
(BELOW_NORMAL) LoggerHook                         
 -------------------- 
2026/04/08 17:46:54 - mmengine - WARNING - The prefix is not set in metric class IoUMetric.
2026/04/08 17:46:55 - mmengine - INFO - Loads checkpoint by http backend from path: https://download.openmmlab.com/mmsegmentation/v0.5/pretrain/pidnet/pidnet-s_imagenet1k_20230306-715e6273.pth
Name of parameter - Initialization information

backbone.stem.0.conv.weight - torch.Size([32, 3, 3, 3]): 
Initialized by user-defined `init_weights` in PIDNet  

backbone.stem.0.bn.weight - torch.Size([32]): 
Initialized by user-defined `init_weights` in PIDNet  

backbone.stem.0.bn.bias - torch.Size([32]): 
Initialized by user-defined `init_weights` in PIDNet  

backbone.stem.1.conv.weight - torch.Size([32, 32, 3, 3]): 
Initialized by user-defined `init_weights` in PIDNet  

backbone.stem.1.bn.weight - torch.Size([32]): 
Initialized by user-defined `init_weights` in PIDNet  

backbone.stem.1.bn.bias - torch.Size([32]): 
Initialized by user-defined `init_weights` in PIDNet  

backbone.stem.2.0.conv1.conv.weight - torch.Size([32, 32, 3, 3]): 
Initialized by user-defined `init_weights` in PIDNet  

backbone.stem.2.0.conv1.bn.weight - torch.Size([32]): 
Initialized by user-defined `init_weights` in PIDNet  

backbone.stem.2.0.conv1.bn.bias - torch.Size([32]): 
Initialized by user-defined `init_weights` in PIDNet  

backbone.stem.2.0.conv2.conv.weight - torch.Size([32, 32, 3, 3]): 
Initialized by user-defined `init_weights` in PIDNet  

backbone.stem.2.0.conv2.bn.weight - torch.Size([32]): 
Initialized by user-defined `init_weights` in PIDNet  

backbone.stem.2.0.conv2.bn.bias - torch.Size([32]): 
Initialized by user-defined `init_weights` in PIDNet  

backbone.stem.2.1.conv1.conv.weight - torch.Size([32, 32, 3, 3]): 
Initialized by user-defined `init_weights` in PIDNet  

backbone.stem.2.1.conv1.bn.weight - torch.Size([32]): 
Initialized by user-defined `init_weights` in PIDNet  

backbone.stem.2.1.conv1.bn.bias - torch.Size([32]): 
Initialized by user-defined `init_weights` in PIDNet  

backbone.stem.2.1.conv2.conv.weight - torch.Size([32, 32, 3, 3]): 
Initialized by user-defined `init_weights` in PIDNet  

backbone.stem.2.1.conv2.bn.weight - torch.Size([32]): 
Initialized by user-defined `init_weights` in PIDNet  

backbone.stem.2.1.conv2.bn.bias - torch.Size([32]): 
Initialized by user-defined `init_weights` in PIDNet  

backbone.stem.4.0.conv1.conv.weight - torch.Size([64, 32, 3, 3]): 
Initialized by user-defined `init_weights` in PIDNet  

backbone.stem.4.0.conv1.bn.weight - torch.Size([64]): 
Initialized by user-defined `init_weights` in PIDNet  

backbone.stem.4.0.conv1.bn.bias - torch.Size([64]): 
Initialized by user-defined `init_weights` in PIDNet  

backbone.stem.4.0.conv2.conv.weight - torch.Size([64, 64, 3, 3]): 
Initialized by user-defined `init_weights` in PIDNet  

backbone.stem.4.0.conv2.bn.weight - torch.Size([64]): 
Initialized by user-defined `init_weights` in PIDNet  

backbone.stem.4.0.conv2.bn.bias - torch.Size([64]): 
Initialized by user-defined `init_weights` in PIDNet  

backbone.stem.4.0.downsample.conv.weight - torch.Size([64, 32, 1, 1]): 
Initialized by user-defined `init_weights` in PIDNet  

backbone.stem.4.0.downsample.bn.weight - torch.Size([64]): 
Initialized by user-defined `init_weights` in PIDNet  

backbone.stem.4.0.downsample.bn.bias - torch.Size([64]): 
Initialized by user-defined `init_weights` in PIDNet  

backbone.stem.4.1.conv1.conv.weight - torch.Size([64, 64, 3, 3]): 
Initialized by user-defined `init_weights` in PIDNet  

backbone.stem.4.1.conv1.bn.weight - torch.Size([64]): 
Initialized by user-defined `init_weights` in PIDNet  

backbone.stem.4.1.conv1.bn.bias - torch.Size([64]): 
Initialized by user-defined `init_weights` in PIDNet  

backbone.stem.4.1.conv2.conv.weight - torch.Size([64, 64, 3, 3]): 
Initialized by user-defined `init_weights` in PIDNet  

backbone.stem.4.1.conv2.bn.weight - torch.Size([64]): 
Initialized by user-defined `init_weights` in PIDNet  

backbone.stem.4.1.conv2.bn.bias - torch.Size([64]): 
Initialized by user-defined `init_weights` in PIDNet  

backbone.i_branch_layers.0.0.conv1.conv.weight - torch.Size([128, 64, 3, 3]): 
Initialized by user-defined `init_weights` in PIDNet  

backbone.i_branch_layers.0.0.conv1.bn.weight - torch.Size([128]): 
Initialized by user-defined `init_weights` in PIDNet  

backbone.i_branch_layers.0.0.conv1.bn.bias - torch.Size([128]): 
Initialized by user-defined `init_weights` in PIDNet  

backbone.i_branch_layers.0.0.conv2.conv.weight - torch.Size([128, 128, 3, 3]): 
Initialized by user-defined `init_weights` in PIDNet  

backbone.i_branch_layers.0.0.conv2.bn.weight - torch.Size([128]): 
Initialized by user-defined `init_weights` in PIDNet  

backbone.i_branch_layers.0.0.conv2.bn.bias - torch.Size([128]): 
Initialized by user-defined `init_weights` in PIDNet  

backbone.i_branch_layers.0.0.downsample.conv.weight - torch.Size([128, 64, 1, 1]): 
Initialized by user-defined `init_weights` in PIDNet  

backbone.i_branch_layers.0.0.downsample.bn.weight - torch.Size([128]): 
Initialized by user-defined `init_weights` in PIDNet  

backbone.i_branch_layers.0.0.downsample.bn.bias - torch.Size([128]): 
Initialized by user-defined `init_weights` in PIDNet  

backbone.i_branch_layers.0.1.conv1.conv.weight - torch.Size([128, 128, 3, 3]): 
Initialized by user-defined `init_weights` in PIDNet  

backbone.i_branch_layers.0.1.conv1.bn.weight - torch.Size([128]): 
Initialized by user-defined `init_weights` in PIDNet  

backbone.i_branch_layers.0.1.conv1.bn.bias - torch.Size([128]): 
Initialized by user-defined `init_weights` in PIDNet  

backbone.i_branch_layers.0.1.conv2.conv.weight - torch.Size([128, 128, 3, 3]): 
Initialized by user-defined `init_weights` in PIDNet  

backbone.i_branch_layers.0.1.conv2.bn.weight - torch.Size([128]): 
Initialized by user-defined `init_weights` in PIDNet  

backbone.i_branch_layers.0.1.conv2.bn.bias - torch.Size([128]): 
Initialized by user-defined `init_weights` in PIDNet  

backbone.i_branch_layers.0.2.conv1.conv.weight - torch.Size([128, 128, 3, 3]): 
Initialized by user-defined `init_weights` in PIDNet  

backbone.i_branch_layers.0.2.conv1.bn.weight - torch.Size([128]): 
Initialized by user-defined `init_weights` in PIDNet  

backbone.i_branch_layers.0.2.conv1.bn.bias - torch.Size([128]): 
Initialized by user-defined `init_weights` in PIDNet  

backbone.i_branch_layers.0.2.conv2.conv.weight - torch.Size([128, 128, 3, 3]): 
Initialized by user-defined `init_weights` in PIDNet  

backbone.i_branch_layers.0.2.conv2.bn.weight - torch.Size([128]): 
Initialized by user-defined `init_weights` in PIDNet  

backbone.i_branch_layers.0.2.conv2.bn.bias - torch.Size([128]): 
Initialized by user-defined `init_weights` in PIDNet  

backbone.i_branch_layers.1.0.conv1.conv.weight - torch.Size([256, 128, 3, 3]): 
Initialized by user-defined `init_weights` in PIDNet  

backbone.i_branch_layers.1.0.conv1.bn.weight - torch.Size([256]): 
Initialized by user-defined `init_weights` in PIDNet  

backbone.i_branch_layers.1.0.conv1.bn.bias - torch.Size([256]): 
Initialized by user-defined `init_weights` in PIDNet  

backbone.i_branch_layers.1.0.conv2.conv.weight - torch.Size([256, 256, 3, 3]): 
Initialized by user-defined `init_weights` in PIDNet  

backbone.i_branch_layers.1.0.conv2.bn.weight - torch.Size([256]): 
Initialized by user-defined `init_weights` in PIDNet  

backbone.i_branch_layers.1.0.conv2.bn.bias - torch.Size([256]): 
Initialized by user-defined `init_weights` in PIDNet  

backbone.i_branch_layers.1.0.downsample.conv.weight - torch.Size([256, 128, 1, 1]): 
Initialized by user-defined `init_weights` in PIDNet  

backbone.i_branch_layers.1.0.downsample.bn.weight - torch.Size([256]): 
Initialized by user-defined `init_weights` in PIDNet  

backbone.i_branch_layers.1.0.downsample.bn.bias - torch.Size([256]): 
Initialized by user-defined `init_weights` in PIDNet  

backbone.i_branch_layers.1.1.conv1.conv.weight - torch.Size([256, 256, 3, 3]): 
Initialized by user-defined `init_weights` in PIDNet  

backbone.i_branch_layers.1.1.conv1.bn.weight - torch.Size([256]): 
Initialized by user-defined `init_weights` in PIDNet  

backbone.i_branch_layers.1.1.conv1.bn.bias - torch.Size([256]): 
Initialized by user-defined `init_weights` in PIDNet  

backbone.i_branch_layers.1.1.conv2.conv.weight - torch.Size([256, 256, 3, 3]): 
Initialized by user-defined `init_weights` in PIDNet  

backbone.i_branch_layers.1.1.conv2.bn.weight - torch.Size([256]): 
Initialized by user-defined `init_weights` in PIDNet  

backbone.i_branch_layers.1.1.conv2.bn.bias - torch.Size([256]): 
Initialized by user-defined `init_weights` in PIDNet  

backbone.i_branch_layers.1.2.conv1.conv.weight - torch.Size([256, 256, 3, 3]): 
Initialized by user-defined `init_weights` in PIDNet  

backbone.i_branch_layers.1.2.conv1.bn.weight - torch.Size([256]): 
Initialized by user-defined `init_weights` in PIDNet  

backbone.i_branch_layers.1.2.conv1.bn.bias - torch.Size([256]): 
Initialized by user-defined `init_weights` in PIDNet  

backbone.i_branch_layers.1.2.conv2.conv.weight - torch.Size([256, 256, 3, 3]): 
Initialized by user-defined `init_weights` in PIDNet  

backbone.i_branch_layers.1.2.conv2.bn.weight - torch.Size([256]): 
Initialized by user-defined `init_weights` in PIDNet  

backbone.i_branch_layers.1.2.conv2.bn.bias - torch.Size([256]): 
Initialized by user-defined `init_weights` in PIDNet  

backbone.i_branch_layers.2.0.conv1.conv.weight - torch.Size([256, 256, 1, 1]): 
Initialized by user-defined `init_weights` in PIDNet  

backbone.i_branch_layers.2.0.conv1.bn.weight - torch.Size([256]): 
Initialized by user-defined `init_weights` in PIDNet  

backbone.i_branch_layers.2.0.conv1.bn.bias - torch.Size([256]): 
Initialized by user-defined `init_weights` in PIDNet  

backbone.i_branch_layers.2.0.conv2.conv.weight - torch.Size([256, 256, 3, 3]): 
Initialized by user-defined `init_weights` in PIDNet  

backbone.i_branch_layers.2.0.conv2.bn.weight - torch.Size([256]): 
Initialized by user-defined `init_weights` in PIDNet  

backbone.i_branch_layers.2.0.conv2.bn.bias - torch.Size([256]): 
Initialized by user-defined `init_weights` in PIDNet  

backbone.i_branch_layers.2.0.conv3.conv.weight - torch.Size([512, 256, 1, 1]): 
Initialized by user-defined `init_weights` in PIDNet  

backbone.i_branch_layers.2.0.conv3.bn.weight - torch.Size([512]): 
Initialized by user-defined `init_weights` in PIDNet  

backbone.i_branch_layers.2.0.conv3.bn.bias - torch.Size([512]): 
Initialized by user-defined `init_weights` in PIDNet  

backbone.i_branch_layers.2.0.downsample.conv.weight - torch.Size([512, 256, 1, 1]): 
Initialized by user-defined `init_weights` in PIDNet  

backbone.i_branch_layers.2.0.downsample.bn.weight - torch.Size([512]): 
Initialized by user-defined `init_weights` in PIDNet  

backbone.i_branch_layers.2.0.downsample.bn.bias - torch.Size([512]): 
Initialized by user-defined `init_weights` in PIDNet  

backbone.i_branch_layers.2.1.conv1.conv.weight - torch.Size([256, 512, 1, 1]): 
Initialized by user-defined `init_weights` in PIDNet  

backbone.i_branch_layers.2.1.conv1.bn.weight - torch.Size([256]): 
Initialized by user-defined `init_weights` in PIDNet  

backbone.i_branch_layers.2.1.conv1.bn.bias - torch.Size([256]): 
Initialized by user-defined `init_weights` in PIDNet  

backbone.i_branch_layers.2.1.conv2.conv.weight - torch.Size([256, 256, 3, 3]): 
Initialized by user-defined `init_weights` in PIDNet  

backbone.i_branch_layers.2.1.conv2.bn.weight - torch.Size([256]): 
Initialized by user-defined `init_weights` in PIDNet  

backbone.i_branch_layers.2.1.conv2.bn.bias - torch.Size([256]): 
Initialized by user-defined `init_weights` in PIDNet  

backbone.i_branch_layers.2.1.conv3.conv.weight - torch.Size([512, 256, 1, 1]): 
Initialized by user-defined `init_weights` in PIDNet  

backbone.i_branch_layers.2.1.conv3.bn.weight - torch.Size([512]): 
Initialized by user-defined `init_weights` in PIDNet  

backbone.i_branch_layers.2.1.conv3.bn.bias - torch.Size([512]): 
Initialized by user-defined `init_weights` in PIDNet  

backbone.p_branch_layers.0.0.conv1.conv.weight - torch.Size([64, 64, 3, 3]): 
Initialized by user-defined `init_weights` in PIDNet  

backbone.p_branch_layers.0.0.conv1.bn.weight - torch.Size([64]): 
Initialized by user-defined `init_weights` in PIDNet  

backbone.p_branch_layers.0.0.conv1.bn.bias - torch.Size([64]): 
Initialized by user-defined `init_weights` in PIDNet  

backbone.p_branch_layers.0.0.conv2.conv.weight - torch.Size([64, 64, 3, 3]): 
Initialized by user-defined `init_weights` in PIDNet  

backbone.p_branch_layers.0.0.conv2.bn.weight - torch.Size([64]): 
Initialized by user-defined `init_weights` in PIDNet  

backbone.p_branch_layers.0.0.conv2.bn.bias - torch.Size([64]): 
Initialized by user-defined `init_weights` in PIDNet  

backbone.p_branch_layers.0.1.conv1.conv.weight - torch.Size([64, 64, 3, 3]): 
Initialized by user-defined `init_weights` in PIDNet  

backbone.p_branch_layers.0.1.conv1.bn.weight - torch.Size([64]): 
Initialized by user-defined `init_weights` in PIDNet  

backbone.p_branch_layers.0.1.conv1.bn.bias - torch.Size([64]): 
Initialized by user-defined `init_weights` in PIDNet  

backbone.p_branch_layers.0.1.conv2.conv.weight - torch.Size([64, 64, 3, 3]): 
Initialized by user-defined `init_weights` in PIDNet  

backbone.p_branch_layers.0.1.conv2.bn.weight - torch.Size([64]): 
Initialized by user-defined `init_weights` in PIDNet  

backbone.p_branch_layers.0.1.conv2.bn.bias - torch.Size([64]): 
Initialized by user-defined `init_weights` in PIDNet  

backbone.p_branch_layers.1.0.conv1.conv.weight - torch.Size([64, 64, 3, 3]): 
Initialized by user-defined `init_weights` in PIDNet  

backbone.p_branch_layers.1.0.conv1.bn.weight - torch.Size([64]): 
Initialized by user-defined `init_weights` in PIDNet  

backbone.p_branch_layers.1.0.conv1.bn.bias - torch.Size([64]): 
Initialized by user-defined `init_weights` in PIDNet  

backbone.p_branch_layers.1.0.conv2.conv.weight - torch.Size([64, 64, 3, 3]): 
Initialized by user-defined `init_weights` in PIDNet  

backbone.p_branch_layers.1.0.conv2.bn.weight - torch.Size([64]): 
Initialized by user-defined `init_weights` in PIDNet  

backbone.p_branch_layers.1.0.conv2.bn.bias - torch.Size([64]): 
Initialized by user-defined `init_weights` in PIDNet  

backbone.p_branch_layers.1.1.conv1.conv.weight - torch.Size([64, 64, 3, 3]): 
Initialized by user-defined `init_weights` in PIDNet  

backbone.p_branch_layers.1.1.conv1.bn.weight - torch.Size([64]): 
Initialized by user-defined `init_weights` in PIDNet  

backbone.p_branch_layers.1.1.conv1.bn.bias - torch.Size([64]): 
Initialized by user-defined `init_weights` in PIDNet  

backbone.p_branch_layers.1.1.conv2.conv.weight - torch.Size([64, 64, 3, 3]): 
Initialized by user-defined `init_weights` in PIDNet  

backbone.p_branch_layers.1.1.conv2.bn.weight - torch.Size([64]): 
Initialized by user-defined `init_weights` in PIDNet  

backbone.p_branch_layers.1.1.conv2.bn.bias - torch.Size([64]): 
Initialized by user-defined `init_weights` in PIDNet  

backbone.p_branch_layers.2.0.conv1.conv.weight - torch.Size([64, 64, 1, 1]): 
Initialized by user-defined `init_weights` in PIDNet  

backbone.p_branch_layers.2.0.conv1.bn.weight - torch.Size([64]): 
Initialized by user-defined `init_weights` in PIDNet  

backbone.p_branch_layers.2.0.conv1.bn.bias - torch.Size([64]): 
Initialized by user-defined `init_weights` in PIDNet  

backbone.p_branch_layers.2.0.conv2.conv.weight - torch.Size([64, 64, 3, 3]): 
Initialized by user-defined `init_weights` in PIDNet  

backbone.p_branch_layers.2.0.conv2.bn.weight - torch.Size([64]): 
Initialized by user-defined `init_weights` in PIDNet  

backbone.p_branch_layers.2.0.conv2.bn.bias - torch.Size([64]): 
Initialized by user-defined `init_weights` in PIDNet  

backbone.p_branch_layers.2.0.conv3.conv.weight - torch.Size([128, 64, 1, 1]): 
Initialized by user-defined `init_weights` in PIDNet  

backbone.p_branch_layers.2.0.conv3.bn.weight - torch.Size([128]): 
Initialized by user-defined `init_weights` in PIDNet  

backbone.p_branch_layers.2.0.conv3.bn.bias - torch.Size([128]): 
Initialized by user-defined `init_weights` in PIDNet  

backbone.p_branch_layers.2.0.downsample.conv.weight - torch.Size([128, 64, 1, 1]): 
Initialized by user-defined `init_weights` in PIDNet  

backbone.p_branch_layers.2.0.downsample.bn.weight - torch.Size([128]): 
Initialized by user-defined `init_weights` in PIDNet  

backbone.p_branch_layers.2.0.downsample.bn.bias - torch.Size([128]): 
Initialized by user-defined `init_weights` in PIDNet  

backbone.compression_1.conv.weight - torch.Size([64, 128, 1, 1]): 
Initialized by user-defined `init_weights` in PIDNet  

backbone.compression_1.bn.weight - torch.Size([64]): 
Initialized by user-defined `init_weights` in PIDNet  

backbone.compression_1.bn.bias - torch.Size([64]): 
Initialized by user-defined `init_weights` in PIDNet  

backbone.compression_2.conv.weight - torch.Size([64, 256, 1, 1]): 
Initialized by user-defined `init_weights` in PIDNet  

backbone.compression_2.bn.weight - torch.Size([64]): 
Initialized by user-defined `init_weights` in PIDNet  

backbone.compression_2.bn.bias - torch.Size([64]): 
Initialized by user-defined `init_weights` in PIDNet  

backbone.pag_1.f_i.conv.weight - torch.Size([32, 64, 1, 1]): 
Initialized by user-defined `init_weights` in PIDNet  

backbone.pag_1.f_i.bn.weight - torch.Size([32]): 
Initialized by user-defined `init_weights` in PIDNet  

backbone.pag_1.f_i.bn.bias - torch.Size([32]): 
Initialized by user-defined `init_weights` in PIDNet  

backbone.pag_1.f_p.conv.weight - torch.Size([32, 64, 1, 1]): 
Initialized by user-defined `init_weights` in PIDNet  

backbone.pag_1.f_p.bn.weight - torch.Size([32]): 
Initialized by user-defined `init_weights` in PIDNet  

backbone.pag_1.f_p.bn.bias - torch.Size([32]): 
Initialized by user-defined `init_weights` in PIDNet  

backbone.pag_2.f_i.conv.weight - torch.Size([32, 64, 1, 1]): 
Initialized by user-defined `init_weights` in PIDNet  

backbone.pag_2.f_i.bn.weight - torch.Size([32]): 
Initialized by user-defined `init_weights` in PIDNet  

backbone.pag_2.f_i.bn.bias - torch.Size([32]): 
Initialized by user-defined `init_weights` in PIDNet  

backbone.pag_2.f_p.conv.weight - torch.Size([32, 64, 1, 1]): 
Initialized by user-defined `init_weights` in PIDNet  

backbone.pag_2.f_p.bn.weight - torch.Size([32]): 
Initialized by user-defined `init_weights` in PIDNet  

backbone.pag_2.f_p.bn.bias - torch.Size([32]): 
Initialized by user-defined `init_weights` in PIDNet  

backbone.d_branch_layers.0.conv1.conv.weight - torch.Size([32, 64, 3, 3]): 
Initialized by user-defined `init_weights` in PIDNet  

backbone.d_branch_layers.0.conv1.bn.weight - torch.Size([32]): 
The value is the same before and after calling `init_weights` of EncoderDecoder  

backbone.d_branch_layers.0.conv1.bn.bias - torch.Size([32]): 
The value is the same before and after calling `init_weights` of EncoderDecoder  

backbone.d_branch_layers.0.conv2.conv.weight - torch.Size([32, 32, 3, 3]): 
Initialized by user-defined `init_weights` in PIDNet  

backbone.d_branch_layers.0.conv2.bn.weight - torch.Size([32]): 
The value is the same before and after calling `init_weights` of EncoderDecoder  

backbone.d_branch_layers.0.conv2.bn.bias - torch.Size([32]): 
The value is the same before and after calling `init_weights` of EncoderDecoder  

backbone.d_branch_layers.0.downsample.conv.weight - torch.Size([32, 64, 1, 1]): 
Initialized by user-defined `init_weights` in PIDNet  

backbone.d_branch_layers.0.downsample.bn.weight - torch.Size([32]): 
The value is the same before and after calling `init_weights` of EncoderDecoder  

backbone.d_branch_layers.0.downsample.bn.bias - torch.Size([32]): 
The value is the same before and after calling `init_weights` of EncoderDecoder  

backbone.d_branch_layers.1.0.conv1.conv.weight - torch.Size([32, 32, 1, 1]): 
Initialized by user-defined `init_weights` in PIDNet  

backbone.d_branch_layers.1.0.conv1.bn.weight - torch.Size([32]): 
The value is the same before and after calling `init_weights` of EncoderDecoder  

backbone.d_branch_layers.1.0.conv1.bn.bias - torch.Size([32]): 
The value is the same before and after calling `init_weights` of EncoderDecoder  

backbone.d_branch_layers.1.0.conv2.conv.weight - torch.Size([32, 32, 3, 3]): 
Initialized by user-defined `init_weights` in PIDNet  

backbone.d_branch_layers.1.0.conv2.bn.weight - torch.Size([32]): 
The value is the same before and after calling `init_weights` of EncoderDecoder  

backbone.d_branch_layers.1.0.conv2.bn.bias - torch.Size([32]): 
The value is the same before and after calling `init_weights` of EncoderDecoder  

backbone.d_branch_layers.1.0.conv3.conv.weight - torch.Size([64, 32, 1, 1]): 
Initialized by user-defined `init_weights` in PIDNet  

backbone.d_branch_layers.1.0.conv3.bn.weight - torch.Size([64]): 
The value is the same before and after calling `init_weights` of EncoderDecoder  

backbone.d_branch_layers.1.0.conv3.bn.bias - torch.Size([64]): 
The value is the same before and after calling `init_weights` of EncoderDecoder  

backbone.d_branch_layers.1.0.downsample.conv.weight - torch.Size([64, 32, 1, 1]): 
Initialized by user-defined `init_weights` in PIDNet  

backbone.d_branch_layers.1.0.downsample.bn.weight - torch.Size([64]): 
The value is the same before and after calling `init_weights` of EncoderDecoder  

backbone.d_branch_layers.1.0.downsample.bn.bias - torch.Size([64]): 
The value is the same before and after calling `init_weights` of EncoderDecoder  

backbone.d_branch_layers.2.0.conv1.conv.weight - torch.Size([64, 64, 1, 1]): 
Initialized by user-defined `init_weights` in PIDNet  

backbone.d_branch_layers.2.0.conv1.bn.weight - torch.Size([64]): 
The value is the same before and after calling `init_weights` of EncoderDecoder  

backbone.d_branch_layers.2.0.conv1.bn.bias - torch.Size([64]): 
The value is the same before and after calling `init_weights` of EncoderDecoder  

backbone.d_branch_layers.2.0.conv2.conv.weight - torch.Size([64, 64, 3, 3]): 
Initialized by user-defined `init_weights` in PIDNet  

backbone.d_branch_layers.2.0.conv2.bn.weight - torch.Size([64]): 
The value is the same before and after calling `init_weights` of EncoderDecoder  

backbone.d_branch_layers.2.0.conv2.bn.bias - torch.Size([64]): 
The value is the same before and after calling `init_weights` of EncoderDecoder  

backbone.d_branch_layers.2.0.conv3.conv.weight - torch.Size([128, 64, 1, 1]): 
Initialized by user-defined `init_weights` in PIDNet  

backbone.d_branch_layers.2.0.conv3.bn.weight - torch.Size([128]): 
The value is the same before and after calling `init_weights` of EncoderDecoder  

backbone.d_branch_layers.2.0.conv3.bn.bias - torch.Size([128]): 
The value is the same before and after calling `init_weights` of EncoderDecoder  

backbone.d_branch_layers.2.0.downsample.conv.weight - torch.Size([128, 64, 1, 1]): 
Initialized by user-defined `init_weights` in PIDNet  

backbone.d_branch_layers.2.0.downsample.bn.weight - torch.Size([128]): 
The value is the same before and after calling `init_weights` of EncoderDecoder  

backbone.d_branch_layers.2.0.downsample.bn.bias - torch.Size([128]): 
The value is the same before and after calling `init_weights` of EncoderDecoder  

backbone.diff_1.conv.weight - torch.Size([32, 128, 3, 3]): 
Initialized by user-defined `init_weights` in PIDNet  

backbone.diff_1.bn.weight - torch.Size([32]): 
The value is the same before and after calling `init_weights` of EncoderDecoder  

backbone.diff_1.bn.bias - torch.Size([32]): 
The value is the same before and after calling `init_weights` of EncoderDecoder  

backbone.diff_2.conv.weight - torch.Size([64, 256, 3, 3]): 
Initialized by user-defined `init_weights` in PIDNet  

backbone.diff_2.bn.weight - torch.Size([64]): 
The value is the same before and after calling `init_weights` of EncoderDecoder  

backbone.diff_2.bn.bias - torch.Size([64]): 
The value is the same before and after calling `init_weights` of EncoderDecoder  

backbone.spp.scales.0.conv.weight - torch.Size([96, 512, 1, 1]): 
Initialized by user-defined `init_weights` in PIDNet  

backbone.spp.scales.0.bn.weight - torch.Size([512]): 
The value is the same before and after calling `init_weights` of EncoderDecoder  

backbone.spp.scales.0.bn.bias - torch.Size([512]): 
The value is the same before and after calling `init_weights` of EncoderDecoder  

backbone.spp.scales.1.1.conv.weight - torch.Size([96, 512, 1, 1]): 
Initialized by user-defined `init_weights` in PIDNet  

backbone.spp.scales.1.1.bn.weight - torch.Size([512]): 
The value is the same before and after calling `init_weights` of EncoderDecoder  

backbone.spp.scales.1.1.bn.bias - torch.Size([512]): 
The value is the same before and after calling `init_weights` of EncoderDecoder  

backbone.spp.scales.2.1.conv.weight - torch.Size([96, 512, 1, 1]): 
Initialized by user-defined `init_weights` in PIDNet  

backbone.spp.scales.2.1.bn.weight - torch.Size([512]): 
The value is the same before and after calling `init_weights` of EncoderDecoder  

backbone.spp.scales.2.1.bn.bias - torch.Size([512]): 
The value is the same before and after calling `init_weights` of EncoderDecoder  

backbone.spp.scales.3.1.conv.weight - torch.Size([96, 512, 1, 1]): 
Initialized by user-defined `init_weights` in PIDNet  

backbone.spp.scales.3.1.bn.weight - torch.Size([512]): 
The value is the same before and after calling `init_weights` of EncoderDecoder  

backbone.spp.scales.3.1.bn.bias - torch.Size([512]): 
The value is the same before and after calling `init_weights` of EncoderDecoder  

backbone.spp.scales.4.1.conv.weight - torch.Size([96, 512, 1, 1]): 
Initialized by user-defined `init_weights` in PIDNet  

backbone.spp.scales.4.1.bn.weight - torch.Size([512]): 
The value is the same before and after calling `init_weights` of EncoderDecoder  

backbone.spp.scales.4.1.bn.bias - torch.Size([512]): 
The value is the same before and after calling `init_weights` of EncoderDecoder  

backbone.spp.processes.conv.weight - torch.Size([384, 96, 3, 3]): 
Initialized by user-defined `init_weights` in PIDNet  

backbone.spp.processes.bn.weight - torch.Size([384]): 
The value is the same before and after calling `init_weights` of EncoderDecoder  

backbone.spp.processes.bn.bias - torch.Size([384]): 
The value is the same before and after calling `init_weights` of EncoderDecoder  

backbone.spp.compression.conv.weight - torch.Size([128, 480, 1, 1]): 
Initialized by user-defined `init_weights` in PIDNet  

backbone.spp.compression.bn.weight - torch.Size([480]): 
The value is the same before and after calling `init_weights` of EncoderDecoder  

backbone.spp.compression.bn.bias - torch.Size([480]): 
The value is the same before and after calling `init_weights` of EncoderDecoder  

backbone.spp.shortcut.conv.weight - torch.Size([128, 512, 1, 1]): 
Initialized by user-defined `init_weights` in PIDNet  

backbone.spp.shortcut.bn.weight - torch.Size([512]): 
The value is the same before and after calling `init_weights` of EncoderDecoder  

backbone.spp.shortcut.bn.bias - torch.Size([512]): 
The value is the same before and after calling `init_weights` of EncoderDecoder  

backbone.dfm.f_p.conv.weight - torch.Size([128, 128, 1, 1]): 
Initialized by user-defined `init_weights` in PIDNet  

backbone.dfm.f_p.bn.weight - torch.Size([128]): 
The value is the same before and after calling `init_weights` of EncoderDecoder  

backbone.dfm.f_p.bn.bias - torch.Size([128]): 
The value is the same before and after calling `init_weights` of EncoderDecoder  

backbone.dfm.f_i.conv.weight - torch.Size([128, 128, 1, 1]): 
Initialized by user-defined `init_weights` in PIDNet  

backbone.dfm.f_i.bn.weight - torch.Size([128]): 
The value is the same before and after calling `init_weights` of EncoderDecoder  

backbone.dfm.f_i.bn.bias - torch.Size([128]): 
The value is the same before and after calling `init_weights` of EncoderDecoder  

decode_head.conv_seg.weight - torch.Size([19, 128, 1, 1]): 
Initialized by user-defined `init_weights` in PIDHeadHALOSameDDRAvg3Opt  

decode_head.conv_seg.bias - torch.Size([19]): 
The value is the same before and after calling `init_weights` of EncoderDecoder  

decode_head.i_head.conv.conv.weight - torch.Size([128, 128, 3, 3]): 
Initialized by user-defined `init_weights` in PIDHeadHALOSameDDRAvg3Opt  

decode_head.i_head.conv.bn.weight - torch.Size([128]): 
The value is the same before and after calling `init_weights` of EncoderDecoder  

decode_head.i_head.conv.bn.bias - torch.Size([128]): 
The value is the same before and after calling `init_weights` of EncoderDecoder  

decode_head.i_head.norm.weight - torch.Size([128]): 
The value is the same before and after calling `init_weights` of EncoderDecoder  

decode_head.i_head.norm.bias - torch.Size([128]): 
The value is the same before and after calling `init_weights` of EncoderDecoder  

decode_head.p_head.conv.conv.weight - torch.Size([128, 64, 3, 3]): 
Initialized by user-defined `init_weights` in PIDHeadHALOSameDDRAvg3Opt  

decode_head.p_head.conv.bn.weight - torch.Size([64]): 
The value is the same before and after calling `init_weights` of EncoderDecoder  

decode_head.p_head.conv.bn.bias - torch.Size([64]): 
The value is the same before and after calling `init_weights` of EncoderDecoder  

decode_head.p_head.norm.weight - torch.Size([128]): 
The value is the same before and after calling `init_weights` of EncoderDecoder  

decode_head.p_head.norm.bias - torch.Size([128]): 
The value is the same before and after calling `init_weights` of EncoderDecoder  

decode_head.d_head.conv.conv.weight - torch.Size([32, 64, 3, 3]): 
Initialized by user-defined `init_weights` in PIDHeadHALOSameDDRAvg3Opt  

decode_head.d_head.conv.bn.weight - torch.Size([64]): 
The value is the same before and after calling `init_weights` of EncoderDecoder  

decode_head.d_head.conv.bn.bias - torch.Size([64]): 
The value is the same before and after calling `init_weights` of EncoderDecoder  

decode_head.d_head.norm.weight - torch.Size([32]): 
The value is the same before and after calling `init_weights` of EncoderDecoder  

decode_head.d_head.norm.bias - torch.Size([32]): 
The value is the same before and after calling `init_weights` of EncoderDecoder  

decode_head.p_cls_seg.weight - torch.Size([19, 128, 1, 1]): 
Initialized by user-defined `init_weights` in PIDHeadHALOSameDDRAvg3Opt  

decode_head.p_cls_seg.bias - torch.Size([19]): 
The value is the same before and after calling `init_weights` of EncoderDecoder  

decode_head.d_cls_seg.weight - torch.Size([1, 32, 1, 1]): 
Initialized by user-defined `init_weights` in PIDHeadHALOSameDDRAvg3Opt  

decode_head.d_cls_seg.bias - torch.Size([1]): 
The value is the same before and after calling `init_weights` of EncoderDecoder  
2026/04/08 17:46:55 - mmengine - WARNING - "FileClient" will be deprecated in future. Please use io functions in https://mmengine.readthedocs.io/en/latest/api/fileio.html#file-io
2026/04/08 17:46:55 - mmengine - WARNING - "HardDiskBackend" is the alias of "LocalBackend" and the former will be deprecated in future.
2026/04/08 17:46:55 - mmengine - INFO - Checkpoints will be saved to /root/autodl-tmp/auto_drive/GhostPIDNet/pidnet_workdir/halo-pidnet-s-halo-same-ddr-1xb12-120k_1024x1024-cityscapes-FULL.
2026/04/08 17:47:31 - mmengine - INFO - Iter(train) [    50/120000]  lr: 1.6340e-04  eta: 1 day, 0:08:06  time: 0.6437  data_time: 0.1864  memory: 18623  loss: 9.8401  decode.loss_sem_p: 1.7474  decode.loss_sem_i: 2.6842  decode.loss_bd_laplacian: 2.7924  decode.loss_halo_feedback: 2.6160  decode.acc_seg: 42.0156
